[0.010s] Invoking command in '/home/yehorderehus/hexadrone_ws/build/hexadrone_core': CMAKE_PREFIX_PATH=${CMAKE_PREFIX_PATH}:/opt/ros/jazzy DEBUGINFOD_URLS=https://debuginfod.ubuntu.com PS1=\[\e]0;\u@\h: \w\a\]${debian_chroot:+($debian_chroot)}\[\033[01;32m\]\u@\h\[\033[00m\]:\[\033[01;34m\]\w\[\033[00m\]\$ /usr/bin/cmake --build /home/yehorderehus/hexadrone_ws/build/hexadrone_core -- -j8 -l8
[0.072s] Invoked command in '/home/yehorderehus/hexadrone_ws/build/hexadrone_core' returned '0': CMAKE_PREFIX_PATH=${CMAKE_PREFIX_PATH}:/opt/ros/jazzy DEBUGINFOD_URLS=https://debuginfod.ubuntu.com PS1=\[\e]0;\u@\h: \w\a\]${debian_chroot:+($debian_chroot)}\[\033[01;32m\]\u@\h\[\033[00m\]:\[\033[01;34m\]\w\[\033[00m\]\$ /usr/bin/cmake --build /home/yehorderehus/hexadrone_ws/build/hexadrone_core -- -j8 -l8
[0.079s] Invoking command in '/home/yehorderehus/hexadrone_ws/build/hexadrone_core': CMAKE_PREFIX_PATH=${CMAKE_PREFIX_PATH}:/opt/ros/jazzy DEBUGINFOD_URLS=https://debuginfod.ubuntu.com PS1=\[\e]0;\u@\h: \w\a\]${debian_chroot:+($debian_chroot)}\[\033[01;32m\]\u@\h\[\033[00m\]:\[\033[01;34m\]\w\[\033[00m\]\$ /usr/bin/cmake --install /home/yehorderehus/hexadrone_ws/build/hexadrone_core
[0.086s] -- Install configuration: ""
[0.086s] -- Execute custom install script
[0.087s] -- Up-to-date symlink: /home/yehorderehus/hexadrone_ws/install/hexadrone_core/share/ament_index/resource_index/package_run_dependencies/hexadrone_core
[0.087s] -- Up-to-date symlink: /home/yehorderehus/hexadrone_ws/install/hexadrone_core/share/ament_index/resource_index/parent_prefix_path/hexadrone_core
[0.088s] -- Up-to-date symlink: /home/yehorderehus/hexadrone_ws/install/hexadrone_core/share/hexadrone_core/environment/ament_prefix_path.sh
[0.088s] -- Up-to-date symlink: /home/yehorderehus/hexadrone_ws/install/hexadrone_core/share/hexadrone_core/environment/ament_prefix_path.dsv
[0.088s] -- Up-to-date symlink: /home/yehorderehus/hexadrone_ws/install/hexadrone_core/share/hexadrone_core/environment/path.sh
[0.089s] -- Up-to-date symlink: /home/yehorderehus/hexadrone_ws/install/hexadrone_core/share/hexadrone_core/environment/path.dsv
[0.089s] -- Up-to-date symlink: /home/yehorderehus/hexadrone_ws/install/hexadrone_core/share/hexadrone_core/local_setup.bash
[0.089s] -- Up-to-date symlink: /home/yehorderehus/hexadrone_ws/install/hexadrone_core/share/hexadrone_core/local_setup.sh
[0.089s] -- Up-to-date symlink: /home/yehorderehus/hexadrone_ws/install/hexadrone_core/share/hexadrone_core/local_setup.zsh
[0.090s] -- Up-to-date symlink: /home/yehorderehus/hexadrone_ws/install/hexadrone_core/share/hexadrone_core/local_setup.dsv
[0.090s] -- Symlinking: /home/yehorderehus/hexadrone_ws/install/hexadrone_core/share/hexadrone_core/package.dsv
[0.097s] -- Up-to-date symlink: /home/yehorderehus/hexadrone_ws/install/hexadrone_core/share/ament_index/resource_index/packages/hexadrone_core
[0.097s] -- Up-to-date symlink: /home/yehorderehus/hexadrone_ws/install/hexadrone_core/share/hexadrone_core/cmake/hexadrone_coreConfig.cmake
[0.098s] -- Up-to-date symlink: /home/yehorderehus/hexadrone_ws/install/hexadrone_core/share/hexadrone_core/cmake/hexadrone_coreConfig-version.cmake
[0.098s] -- Up-to-date symlink: /home/yehorderehus/hexadrone_ws/install/hexadrone_core/share/hexadrone_core/package.xml
[0.101s] Invoked command in '/home/yehorderehus/hexadrone_ws/build/hexadrone_core' returned '0': CMAKE_PREFIX_PATH=${CMAKE_PREFIX_PATH}:/opt/ros/jazzy DEBUGINFOD_URLS=https://debuginfod.ubuntu.com PS1=\[\e]0;\u@\h: \w\a\]${debian_chroot:+($debian_chroot)}\[\033[01;32m\]\u@\h\[\033[00m\]:\[\033[01;34m\]\w\[\033[00m\]\$ /usr/bin/cmake --install /home/yehorderehus/hexadrone_ws/build/hexadrone_core
