[0.009s] Invoking command in '/home/yehorderehus/hexadrone_ws/build/hexadrone_controller': CMAKE_PREFIX_PATH=${CMAKE_PREFIX_PATH}:/opt/ros/jazzy DEBUGINFOD_URLS=https://debuginfod.ubuntu.com PS1=\[\e]0;\u@\h: \w\a\]${debian_chroot:+($debian_chroot)}\[\033[01;32m\]\u@\h\[\033[00m\]:\[\033[01;34m\]\w\[\033[00m\]\$ /usr/bin/cmake --build /home/yehorderehus/hexadrone_ws/build/hexadrone_controller -- -j8 -l8
[0.082s] Invoked command in '/home/yehorderehus/hexadrone_ws/build/hexadrone_controller' returned '0': CMAKE_PREFIX_PATH=${CMAKE_PREFIX_PATH}:/opt/ros/jazzy DEBUGINFOD_URLS=https://debuginfod.ubuntu.com PS1=\[\e]0;\u@\h: \w\a\]${debian_chroot:+($debian_chroot)}\[\033[01;32m\]\u@\h\[\033[00m\]:\[\033[01;34m\]\w\[\033[00m\]\$ /usr/bin/cmake --build /home/yehorderehus/hexadrone_ws/build/hexadrone_controller -- -j8 -l8
[0.083s] Invoking command in '/home/yehorderehus/hexadrone_ws/build/hexadrone_controller': CMAKE_PREFIX_PATH=${CMAKE_PREFIX_PATH}:/opt/ros/jazzy DEBUGINFOD_URLS=https://debuginfod.ubuntu.com PS1=\[\e]0;\u@\h: \w\a\]${debian_chroot:+($debian_chroot)}\[\033[01;32m\]\u@\h\[\033[00m\]:\[\033[01;34m\]\w\[\033[00m\]\$ /usr/bin/cmake --install /home/yehorderehus/hexadrone_ws/build/hexadrone_controller
[0.088s] -- Install configuration: ""
[0.089s] -- Execute custom install script
[0.089s] -- Up-to-date symlink: /home/yehorderehus/hexadrone_ws/install/hexadrone_controller/share/ament_index/resource_index/package_run_dependencies/hexadrone_controller
[0.089s] -- Up-to-date symlink: /home/yehorderehus/hexadrone_ws/install/hexadrone_controller/share/ament_index/resource_index/parent_prefix_path/hexadrone_controller
[0.090s] -- Up-to-date symlink: /home/yehorderehus/hexadrone_ws/install/hexadrone_controller/share/hexadrone_controller/environment/ament_prefix_path.sh
[0.090s] -- Up-to-date symlink: /home/yehorderehus/hexadrone_ws/install/hexadrone_controller/share/hexadrone_controller/environment/ament_prefix_path.dsv
[0.090s] -- Up-to-date symlink: /home/yehorderehus/hexadrone_ws/install/hexadrone_controller/share/hexadrone_controller/environment/path.sh
[0.090s] -- Up-to-date symlink: /home/yehorderehus/hexadrone_ws/install/hexadrone_controller/share/hexadrone_controller/environment/path.dsv
[0.090s] -- Up-to-date symlink: /home/yehorderehus/hexadrone_ws/install/hexadrone_controller/share/hexadrone_controller/local_setup.bash
[0.091s] -- Up-to-date symlink: /home/yehorderehus/hexadrone_ws/install/hexadrone_controller/share/hexadrone_controller/local_setup.sh
[0.091s] -- Up-to-date symlink: /home/yehorderehus/hexadrone_ws/install/hexadrone_controller/share/hexadrone_controller/local_setup.zsh
[0.091s] -- Up-to-date symlink: /home/yehorderehus/hexadrone_ws/install/hexadrone_controller/share/hexadrone_controller/local_setup.dsv
[0.091s] -- Symlinking: /home/yehorderehus/hexadrone_ws/install/hexadrone_controller/share/hexadrone_controller/package.dsv
[0.100s] -- Up-to-date symlink: /home/yehorderehus/hexadrone_ws/install/hexadrone_controller/share/ament_index/resource_index/packages/hexadrone_controller
[0.101s] -- Up-to-date symlink: /home/yehorderehus/hexadrone_ws/install/hexadrone_controller/share/hexadrone_controller/cmake/hexadrone_controllerConfig.cmake
[0.101s] -- Up-to-date symlink: /home/yehorderehus/hexadrone_ws/install/hexadrone_controller/share/hexadrone_controller/cmake/hexadrone_controllerConfig-version.cmake
[0.101s] -- Up-to-date symlink: /home/yehorderehus/hexadrone_ws/install/hexadrone_controller/share/hexadrone_controller/package.xml
[0.119s] Invoked command in '/home/yehorderehus/hexadrone_ws/build/hexadrone_controller' returned '0': CMAKE_PREFIX_PATH=${CMAKE_PREFIX_PATH}:/opt/ros/jazzy DEBUGINFOD_URLS=https://debuginfod.ubuntu.com PS1=\[\e]0;\u@\h: \w\a\]${debian_chroot:+($debian_chroot)}\[\033[01;32m\]\u@\h\[\033[00m\]:\[\033[01;34m\]\w\[\033[00m\]\$ /usr/bin/cmake --install /home/yehorderehus/hexadrone_ws/build/hexadrone_controller
