[0.000000] (-) TimerEvent: {}
[0.000176] (hexadrone_controller) JobQueued: {'identifier': 'hexadrone_controller', 'dependencies': OrderedDict()}
[0.000371] (hexadrone_core) JobQueued: {'identifier': 'hexadrone_core', 'dependencies': OrderedDict()}
[0.000388] (hexadrone_description) JobQueued: {'identifier': 'hexadrone_description', 'dependencies': OrderedDict()}
[0.000402] (hexadrone_webots) JobQueued: {'identifier': 'hexadrone_webots', 'dependencies': OrderedDict({'hexadrone_description': '/home/yehorderehus/hexadrone_ws/install/hexadrone_description'})}
[0.000415] (hexadrone_description) JobStarted: {'identifier': 'hexadrone_description'}
[0.002835] (hexadrone_controller) JobStarted: {'identifier': 'hexadrone_controller'}
[0.003654] (hexadrone_core) JobStarted: {'identifier': 'hexadrone_core'}
[0.005466] (hexadrone_description) JobProgress: {'identifier': 'hexadrone_description', 'progress': 'cmake'}
[0.005907] (hexadrone_description) JobProgress: {'identifier': 'hexadrone_description', 'progress': 'build'}
[0.006539] (hexadrone_description) Command: {'cmd': ['/usr/bin/cmake', '--build', '/home/yehorderehus/hexadrone_ws/build/hexadrone_description', '--', '-j8', '-l8'], 'cwd': '/home/yehorderehus/hexadrone_ws/build/hexadrone_description', 'env': OrderedDict({'MAIL': '/var/spool/mail/me', 'USER': 'me', 'HOSTNAME': 'host', 'XDG_SESSION_TYPE': 'wayland', 'XCURSOR_SIZE': '24', 'XDG_CACHE_HOME': '/home/.cache', 'SHLVL': '6', 'MOTD_SHOWN': 'pam', 'HOME': '/home', 'SWAYSOCK': '/run/user/1000/sway-ipc.1000.635.sock', 'CAML_LD_LIBRARY_PATH': '/home/.opam/default/lib/stublibs:/home/.opam/default/lib/ocaml/stublibs:/home/.opam/default/lib/ocaml', 'OCAML_TOPLEVEL_PATH': '/home/.opam/default/lib/toplevel', 'NIX_PROFILES': '/nix/var/nix/profiles/default /home/.nix-profile', 'DISTROBOX_ENTER_PATH': '/usr/bin/distrobox-enter', 'XDG_STATE_HOME': '/home/.local/state', 'DBUS_SESSION_BUS_ADDRESS': 'unix:path=/run/user/1000/bus', 'COLORTERM': 'truecolor', 'container': 'podman', 'WAYLAND_DISPLAY': 'wayland-1', 'LOGNAME': 'me', 'ALACRITTY_SOCKET': '/run/user/1000/Alacritty-wayland-1-66411.sock', 'WINDOWID': '93928517296832', '_': '/usr/bin/colcon', 'XDG_SESSION_CLASS': 'user', 'TERMINFO_DIRS': '/usr/share/terminfo:/run/host/usr/share/terminfo', 'TERM': 'alacritty', 'XDG_SESSION_ID': '1', 'ALACRITTY_LOG': '/tmp/Alacritty-66411.log', 'PATH': '/home/.opam/default/bin:/home/.cargo/bin:/usr/lib/rustup/bin:/home/.opam/default/bin:/home/.opam/default/bin:/home/.nix-profile/bin:/nix/var/nix/profiles/default/bin:/usr/local/sbin:/usr/local/bin:/usr/bin:/usr/bin/site_perl:/usr/bin/vendor_perl:/usr/bin/core_perl:/usr/local/sbin:/usr/local/bin:/usr/sbin:/usr/bin:/sbin:/bin:/usr/sbin:/sbin:/bin:/usr/local/games:/usr/games', 'XDG_RUNTIME_DIR': '/run/user/1000', 'DISPLAY': ':0', 'LANG': 'en_US.UTF-8', 'XDG_DATA_HOME': '/home/.local/share', 'XDG_CONFIG_HOME': '/home/.config', 'OPAMNOENVNOTICE': 'true', 'UID': '1000', 'SHELL': '/usr/bin/fish', 'NIX_SSL_CERT_FILE': '/etc/ssl/certs/ca-certificates.crt', 'OCAMLTOP_INCLUDE_PATH': '/home/.opam/default/lib/toplevel:/home/.opam/default/lib/toplevel:/home/.opam/default/lib/toplevel', 'OPAM_SWITCH_PREFIX': '/home/.opam/default', 'ALACRITTY_WINDOW_ID': '93928517296832', 'PWD': '/home/yehorderehus/hexadrone_ws/build/hexadrone_description', 'CONTAINER_ID': 'ubuntu-dev', 'XDG_CONFIG_DIRS': '/etc/xdg', 'XDG_DATA_DIRS': '/home/.local/share/flatpak/exports/share:/var/lib/flatpak/exports/share:/usr/local/share:/usr/share:/home/.nix-profile/share:/nix/var/nix/profiles/default/share', 'OPAM_LAST_ENV': '/home/.opam/.last-env/env-0d25d3a1492fdac08267831153dfe74c-0', 'I3SOCK': '/run/user/1000/sway-ipc.1000.635.sock', 'COLCON': '1', 'MANPATH': ':/home/.opam/default/man:/home/.opam/default/man:/home/.opam/default/man'}), 'shell': False}
[0.007766] (hexadrone_controller) JobProgress: {'identifier': 'hexadrone_controller', 'progress': 'cmake'}
[0.008263] (hexadrone_controller) JobProgress: {'identifier': 'hexadrone_controller', 'progress': 'build'}
[0.008284] (hexadrone_controller) Command: {'cmd': ['/usr/bin/cmake', '--build', '/home/yehorderehus/hexadrone_ws/build/hexadrone_controller', '--', '-j8', '-l8'], 'cwd': '/home/yehorderehus/hexadrone_ws/build/hexadrone_controller', 'env': OrderedDict({'MAIL': '/var/spool/mail/me', 'USER': 'me', 'HOSTNAME': 'host', 'XDG_SESSION_TYPE': 'wayland', 'XCURSOR_SIZE': '24', 'XDG_CACHE_HOME': '/home/.cache', 'SHLVL': '6', 'MOTD_SHOWN': 'pam', 'HOME': '/home', 'SWAYSOCK': '/run/user/1000/sway-ipc.1000.635.sock', 'CAML_LD_LIBRARY_PATH': '/home/.opam/default/lib/stublibs:/home/.opam/default/lib/ocaml/stublibs:/home/.opam/default/lib/ocaml', 'OCAML_TOPLEVEL_PATH': '/home/.opam/default/lib/toplevel', 'NIX_PROFILES': '/nix/var/nix/profiles/default /home/.nix-profile', 'DISTROBOX_ENTER_PATH': '/usr/bin/distrobox-enter', 'XDG_STATE_HOME': '/home/.local/state', 'DBUS_SESSION_BUS_ADDRESS': 'unix:path=/run/user/1000/bus', 'COLORTERM': 'truecolor', 'container': 'podman', 'WAYLAND_DISPLAY': 'wayland-1', 'LOGNAME': 'me', 'ALACRITTY_SOCKET': '/run/user/1000/Alacritty-wayland-1-66411.sock', 'WINDOWID': '93928517296832', '_': '/usr/bin/colcon', 'XDG_SESSION_CLASS': 'user', 'TERMINFO_DIRS': '/usr/share/terminfo:/run/host/usr/share/terminfo', 'TERM': 'alacritty', 'XDG_SESSION_ID': '1', 'ALACRITTY_LOG': '/tmp/Alacritty-66411.log', 'PATH': '/home/.opam/default/bin:/home/.cargo/bin:/usr/lib/rustup/bin:/home/.opam/default/bin:/home/.opam/default/bin:/home/.nix-profile/bin:/nix/var/nix/profiles/default/bin:/usr/local/sbin:/usr/local/bin:/usr/bin:/usr/bin/site_perl:/usr/bin/vendor_perl:/usr/bin/core_perl:/usr/local/sbin:/usr/local/bin:/usr/sbin:/usr/bin:/sbin:/bin:/usr/sbin:/sbin:/bin:/usr/local/games:/usr/games', 'XDG_RUNTIME_DIR': '/run/user/1000', 'DISPLAY': ':0', 'LANG': 'en_US.UTF-8', 'XDG_DATA_HOME': '/home/.local/share', 'XDG_CONFIG_HOME': '/home/.config', 'OPAMNOENVNOTICE': 'true', 'UID': '1000', 'SHELL': '/usr/bin/fish', 'NIX_SSL_CERT_FILE': '/etc/ssl/certs/ca-certificates.crt', 'OCAMLTOP_INCLUDE_PATH': '/home/.opam/default/lib/toplevel:/home/.opam/default/lib/toplevel:/home/.opam/default/lib/toplevel', 'OPAM_SWITCH_PREFIX': '/home/.opam/default', 'ALACRITTY_WINDOW_ID': '93928517296832', 'PWD': '/home/yehorderehus/hexadrone_ws/build/hexadrone_controller', 'CONTAINER_ID': 'ubuntu-dev', 'XDG_CONFIG_DIRS': '/etc/xdg', 'XDG_DATA_DIRS': '/home/.local/share/flatpak/exports/share:/var/lib/flatpak/exports/share:/usr/local/share:/usr/share:/home/.nix-profile/share:/nix/var/nix/profiles/default/share', 'OPAM_LAST_ENV': '/home/.opam/.last-env/env-0d25d3a1492fdac08267831153dfe74c-0', 'I3SOCK': '/run/user/1000/sway-ipc.1000.635.sock', 'COLCON': '1', 'MANPATH': ':/home/.opam/default/man:/home/.opam/default/man:/home/.opam/default/man'}), 'shell': False}
[0.008957] (hexadrone_core) JobProgress: {'identifier': 'hexadrone_core', 'progress': 'cmake'}
[0.009124] (hexadrone_core) JobProgress: {'identifier': 'hexadrone_core', 'progress': 'build'}
[0.009339] (hexadrone_core) Command: {'cmd': ['/usr/bin/cmake', '--build', '/home/yehorderehus/hexadrone_ws/build/hexadrone_core', '--', '-j8', '-l8'], 'cwd': '/home/yehorderehus/hexadrone_ws/build/hexadrone_core', 'env': OrderedDict({'MAIL': '/var/spool/mail/me', 'USER': 'me', 'HOSTNAME': 'host', 'XDG_SESSION_TYPE': 'wayland', 'XCURSOR_SIZE': '24', 'XDG_CACHE_HOME': '/home/.cache', 'SHLVL': '6', 'MOTD_SHOWN': 'pam', 'HOME': '/home', 'SWAYSOCK': '/run/user/1000/sway-ipc.1000.635.sock', 'CAML_LD_LIBRARY_PATH': '/home/.opam/default/lib/stublibs:/home/.opam/default/lib/ocaml/stublibs:/home/.opam/default/lib/ocaml', 'OCAML_TOPLEVEL_PATH': '/home/.opam/default/lib/toplevel', 'NIX_PROFILES': '/nix/var/nix/profiles/default /home/.nix-profile', 'DISTROBOX_ENTER_PATH': '/usr/bin/distrobox-enter', 'XDG_STATE_HOME': '/home/.local/state', 'DBUS_SESSION_BUS_ADDRESS': 'unix:path=/run/user/1000/bus', 'COLORTERM': 'truecolor', 'container': 'podman', 'WAYLAND_DISPLAY': 'wayland-1', 'LOGNAME': 'me', 'ALACRITTY_SOCKET': '/run/user/1000/Alacritty-wayland-1-66411.sock', 'WINDOWID': '93928517296832', '_': '/usr/bin/colcon', 'XDG_SESSION_CLASS': 'user', 'TERMINFO_DIRS': '/usr/share/terminfo:/run/host/usr/share/terminfo', 'TERM': 'alacritty', 'XDG_SESSION_ID': '1', 'ALACRITTY_LOG': '/tmp/Alacritty-66411.log', 'PATH': '/home/.opam/default/bin:/home/.cargo/bin:/usr/lib/rustup/bin:/home/.opam/default/bin:/home/.opam/default/bin:/home/.nix-profile/bin:/nix/var/nix/profiles/default/bin:/usr/local/sbin:/usr/local/bin:/usr/bin:/usr/bin/site_perl:/usr/bin/vendor_perl:/usr/bin/core_perl:/usr/local/sbin:/usr/local/bin:/usr/sbin:/usr/bin:/sbin:/bin:/usr/sbin:/sbin:/bin:/usr/local/games:/usr/games', 'XDG_RUNTIME_DIR': '/run/user/1000', 'DISPLAY': ':0', 'LANG': 'en_US.UTF-8', 'XDG_DATA_HOME': '/home/.local/share', 'XDG_CONFIG_HOME': '/home/.config', 'OPAMNOENVNOTICE': 'true', 'UID': '1000', 'SHELL': '/usr/bin/fish', 'NIX_SSL_CERT_FILE': '/etc/ssl/certs/ca-certificates.crt', 'OCAMLTOP_INCLUDE_PATH': '/home/.opam/default/lib/toplevel:/home/.opam/default/lib/toplevel:/home/.opam/default/lib/toplevel', 'OPAM_SWITCH_PREFIX': '/home/.opam/default', 'ALACRITTY_WINDOW_ID': '93928517296832', 'PWD': '/home/yehorderehus/hexadrone_ws/build/hexadrone_core', 'CONTAINER_ID': 'ubuntu-dev', 'XDG_CONFIG_DIRS': '/etc/xdg', 'XDG_DATA_DIRS': '/home/.local/share/flatpak/exports/share:/var/lib/flatpak/exports/share:/usr/local/share:/usr/share:/home/.nix-profile/share:/nix/var/nix/profiles/default/share', 'OPAM_LAST_ENV': '/home/.opam/.last-env/env-0d25d3a1492fdac08267831153dfe74c-0', 'I3SOCK': '/run/user/1000/sway-ipc.1000.635.sock', 'COLCON': '1', 'MANPATH': ':/home/.opam/default/man:/home/.opam/default/man:/home/.opam/default/man'}), 'shell': False}
[0.028916] (hexadrone_description) CommandEnded: {'returncode': 0}
[0.029406] (hexadrone_description) JobProgress: {'identifier': 'hexadrone_description', 'progress': 'install'}
[0.034292] (hexadrone_description) Command: {'cmd': ['/usr/bin/cmake', '--install', '/home/yehorderehus/hexadrone_ws/build/hexadrone_description'], 'cwd': '/home/yehorderehus/hexadrone_ws/build/hexadrone_description', 'env': OrderedDict({'MAIL': '/var/spool/mail/me', 'USER': 'me', 'HOSTNAME': 'host', 'XDG_SESSION_TYPE': 'wayland', 'XCURSOR_SIZE': '24', 'XDG_CACHE_HOME': '/home/.cache', 'SHLVL': '6', 'MOTD_SHOWN': 'pam', 'HOME': '/home', 'SWAYSOCK': '/run/user/1000/sway-ipc.1000.635.sock', 'CAML_LD_LIBRARY_PATH': '/home/.opam/default/lib/stublibs:/home/.opam/default/lib/ocaml/stublibs:/home/.opam/default/lib/ocaml', 'OCAML_TOPLEVEL_PATH': '/home/.opam/default/lib/toplevel', 'NIX_PROFILES': '/nix/var/nix/profiles/default /home/.nix-profile', 'DISTROBOX_ENTER_PATH': '/usr/bin/distrobox-enter', 'XDG_STATE_HOME': '/home/.local/state', 'DBUS_SESSION_BUS_ADDRESS': 'unix:path=/run/user/1000/bus', 'COLORTERM': 'truecolor', 'container': 'podman', 'WAYLAND_DISPLAY': 'wayland-1', 'LOGNAME': 'me', 'ALACRITTY_SOCKET': '/run/user/1000/Alacritty-wayland-1-66411.sock', 'WINDOWID': '93928517296832', '_': '/usr/bin/colcon', 'XDG_SESSION_CLASS': 'user', 'TERMINFO_DIRS': '/usr/share/terminfo:/run/host/usr/share/terminfo', 'TERM': 'alacritty', 'XDG_SESSION_ID': '1', 'ALACRITTY_LOG': '/tmp/Alacritty-66411.log', 'PATH': '/home/.opam/default/bin:/home/.cargo/bin:/usr/lib/rustup/bin:/home/.opam/default/bin:/home/.opam/default/bin:/home/.nix-profile/bin:/nix/var/nix/profiles/default/bin:/usr/local/sbin:/usr/local/bin:/usr/bin:/usr/bin/site_perl:/usr/bin/vendor_perl:/usr/bin/core_perl:/usr/local/sbin:/usr/local/bin:/usr/sbin:/usr/bin:/sbin:/bin:/usr/sbin:/sbin:/bin:/usr/local/games:/usr/games', 'XDG_RUNTIME_DIR': '/run/user/1000', 'DISPLAY': ':0', 'LANG': 'en_US.UTF-8', 'XDG_DATA_HOME': '/home/.local/share', 'XDG_CONFIG_HOME': '/home/.config', 'OPAMNOENVNOTICE': 'true', 'UID': '1000', 'SHELL': '/usr/bin/fish', 'NIX_SSL_CERT_FILE': '/etc/ssl/certs/ca-certificates.crt', 'OCAMLTOP_INCLUDE_PATH': '/home/.opam/default/lib/toplevel:/home/.opam/default/lib/toplevel:/home/.opam/default/lib/toplevel', 'OPAM_SWITCH_PREFIX': '/home/.opam/default', 'ALACRITTY_WINDOW_ID': '93928517296832', 'PWD': '/home/yehorderehus/hexadrone_ws/build/hexadrone_description', 'CONTAINER_ID': 'ubuntu-dev', 'XDG_CONFIG_DIRS': '/etc/xdg', 'XDG_DATA_DIRS': '/home/.local/share/flatpak/exports/share:/var/lib/flatpak/exports/share:/usr/local/share:/usr/share:/home/.nix-profile/share:/nix/var/nix/profiles/default/share', 'OPAM_LAST_ENV': '/home/.opam/.last-env/env-0d25d3a1492fdac08267831153dfe74c-0', 'I3SOCK': '/run/user/1000/sway-ipc.1000.635.sock', 'COLCON': '1', 'MANPATH': ':/home/.opam/default/man:/home/.opam/default/man:/home/.opam/default/man'}), 'shell': False}
[0.034837] (hexadrone_controller) CommandEnded: {'returncode': 0}
[0.035171] (hexadrone_controller) JobProgress: {'identifier': 'hexadrone_controller', 'progress': 'install'}
[0.035384] (hexadrone_controller) Command: {'cmd': ['/usr/bin/cmake', '--install', '/home/yehorderehus/hexadrone_ws/build/hexadrone_controller'], 'cwd': '/home/yehorderehus/hexadrone_ws/build/hexadrone_controller', 'env': OrderedDict({'MAIL': '/var/spool/mail/me', 'USER': 'me', 'HOSTNAME': 'host', 'XDG_SESSION_TYPE': 'wayland', 'XCURSOR_SIZE': '24', 'XDG_CACHE_HOME': '/home/.cache', 'SHLVL': '6', 'MOTD_SHOWN': 'pam', 'HOME': '/home', 'SWAYSOCK': '/run/user/1000/sway-ipc.1000.635.sock', 'CAML_LD_LIBRARY_PATH': '/home/.opam/default/lib/stublibs:/home/.opam/default/lib/ocaml/stublibs:/home/.opam/default/lib/ocaml', 'OCAML_TOPLEVEL_PATH': '/home/.opam/default/lib/toplevel', 'NIX_PROFILES': '/nix/var/nix/profiles/default /home/.nix-profile', 'DISTROBOX_ENTER_PATH': '/usr/bin/distrobox-enter', 'XDG_STATE_HOME': '/home/.local/state', 'DBUS_SESSION_BUS_ADDRESS': 'unix:path=/run/user/1000/bus', 'COLORTERM': 'truecolor', 'container': 'podman', 'WAYLAND_DISPLAY': 'wayland-1', 'LOGNAME': 'me', 'ALACRITTY_SOCKET': '/run/user/1000/Alacritty-wayland-1-66411.sock', 'WINDOWID': '93928517296832', '_': '/usr/bin/colcon', 'XDG_SESSION_CLASS': 'user', 'TERMINFO_DIRS': '/usr/share/terminfo:/run/host/usr/share/terminfo', 'TERM': 'alacritty', 'XDG_SESSION_ID': '1', 'ALACRITTY_LOG': '/tmp/Alacritty-66411.log', 'PATH': '/home/.opam/default/bin:/home/.cargo/bin:/usr/lib/rustup/bin:/home/.opam/default/bin:/home/.opam/default/bin:/home/.nix-profile/bin:/nix/var/nix/profiles/default/bin:/usr/local/sbin:/usr/local/bin:/usr/bin:/usr/bin/site_perl:/usr/bin/vendor_perl:/usr/bin/core_perl:/usr/local/sbin:/usr/local/bin:/usr/sbin:/usr/bin:/sbin:/bin:/usr/sbin:/sbin:/bin:/usr/local/games:/usr/games', 'XDG_RUNTIME_DIR': '/run/user/1000', 'DISPLAY': ':0', 'LANG': 'en_US.UTF-8', 'XDG_DATA_HOME': '/home/.local/share', 'XDG_CONFIG_HOME': '/home/.config', 'OPAMNOENVNOTICE': 'true', 'UID': '1000', 'SHELL': '/usr/bin/fish', 'NIX_SSL_CERT_FILE': '/etc/ssl/certs/ca-certificates.crt', 'OCAMLTOP_INCLUDE_PATH': '/home/.opam/default/lib/toplevel:/home/.opam/default/lib/toplevel:/home/.opam/default/lib/toplevel', 'OPAM_SWITCH_PREFIX': '/home/.opam/default', 'ALACRITTY_WINDOW_ID': '93928517296832', 'PWD': '/home/yehorderehus/hexadrone_ws/build/hexadrone_controller', 'CONTAINER_ID': 'ubuntu-dev', 'XDG_CONFIG_DIRS': '/etc/xdg', 'XDG_DATA_DIRS': '/home/.local/share/flatpak/exports/share:/var/lib/flatpak/exports/share:/usr/local/share:/usr/share:/home/.nix-profile/share:/nix/var/nix/profiles/default/share', 'OPAM_LAST_ENV': '/home/.opam/.last-env/env-0d25d3a1492fdac08267831153dfe74c-0', 'I3SOCK': '/run/user/1000/sway-ipc.1000.635.sock', 'COLCON': '1', 'MANPATH': ':/home/.opam/default/man:/home/.opam/default/man:/home/.opam/default/man'}), 'shell': False}
[0.036380] (hexadrone_core) CommandEnded: {'returncode': 0}
[0.036713] (hexadrone_core) JobProgress: {'identifier': 'hexadrone_core', 'progress': 'install'}
[0.036902] (hexadrone_core) Command: {'cmd': ['/usr/bin/cmake', '--install', '/home/yehorderehus/hexadrone_ws/build/hexadrone_core'], 'cwd': '/home/yehorderehus/hexadrone_ws/build/hexadrone_core', 'env': OrderedDict({'MAIL': '/var/spool/mail/me', 'USER': 'me', 'HOSTNAME': 'host', 'XDG_SESSION_TYPE': 'wayland', 'XCURSOR_SIZE': '24', 'XDG_CACHE_HOME': '/home/.cache', 'SHLVL': '6', 'MOTD_SHOWN': 'pam', 'HOME': '/home', 'SWAYSOCK': '/run/user/1000/sway-ipc.1000.635.sock', 'CAML_LD_LIBRARY_PATH': '/home/.opam/default/lib/stublibs:/home/.opam/default/lib/ocaml/stublibs:/home/.opam/default/lib/ocaml', 'OCAML_TOPLEVEL_PATH': '/home/.opam/default/lib/toplevel', 'NIX_PROFILES': '/nix/var/nix/profiles/default /home/.nix-profile', 'DISTROBOX_ENTER_PATH': '/usr/bin/distrobox-enter', 'XDG_STATE_HOME': '/home/.local/state', 'DBUS_SESSION_BUS_ADDRESS': 'unix:path=/run/user/1000/bus', 'COLORTERM': 'truecolor', 'container': 'podman', 'WAYLAND_DISPLAY': 'wayland-1', 'LOGNAME': 'me', 'ALACRITTY_SOCKET': '/run/user/1000/Alacritty-wayland-1-66411.sock', 'WINDOWID': '93928517296832', '_': '/usr/bin/colcon', 'XDG_SESSION_CLASS': 'user', 'TERMINFO_DIRS': '/usr/share/terminfo:/run/host/usr/share/terminfo', 'TERM': 'alacritty', 'XDG_SESSION_ID': '1', 'ALACRITTY_LOG': '/tmp/Alacritty-66411.log', 'PATH': '/home/.opam/default/bin:/home/.cargo/bin:/usr/lib/rustup/bin:/home/.opam/default/bin:/home/.opam/default/bin:/home/.nix-profile/bin:/nix/var/nix/profiles/default/bin:/usr/local/sbin:/usr/local/bin:/usr/bin:/usr/bin/site_perl:/usr/bin/vendor_perl:/usr/bin/core_perl:/usr/local/sbin:/usr/local/bin:/usr/sbin:/usr/bin:/sbin:/bin:/usr/sbin:/sbin:/bin:/usr/local/games:/usr/games', 'XDG_RUNTIME_DIR': '/run/user/1000', 'DISPLAY': ':0', 'LANG': 'en_US.UTF-8', 'XDG_DATA_HOME': '/home/.local/share', 'XDG_CONFIG_HOME': '/home/.config', 'OPAMNOENVNOTICE': 'true', 'UID': '1000', 'SHELL': '/usr/bin/fish', 'NIX_SSL_CERT_FILE': '/etc/ssl/certs/ca-certificates.crt', 'OCAMLTOP_INCLUDE_PATH': '/home/.opam/default/lib/toplevel:/home/.opam/default/lib/toplevel:/home/.opam/default/lib/toplevel', 'OPAM_SWITCH_PREFIX': '/home/.opam/default', 'ALACRITTY_WINDOW_ID': '93928517296832', 'PWD': '/home/yehorderehus/hexadrone_ws/build/hexadrone_core', 'CONTAINER_ID': 'ubuntu-dev', 'XDG_CONFIG_DIRS': '/etc/xdg', 'XDG_DATA_DIRS': '/home/.local/share/flatpak/exports/share:/var/lib/flatpak/exports/share:/usr/local/share:/usr/share:/home/.nix-profile/share:/nix/var/nix/profiles/default/share', 'OPAM_LAST_ENV': '/home/.opam/.last-env/env-0d25d3a1492fdac08267831153dfe74c-0', 'I3SOCK': '/run/user/1000/sway-ipc.1000.635.sock', 'COLCON': '1', 'MANPATH': ':/home/.opam/default/man:/home/.opam/default/man:/home/.opam/default/man'}), 'shell': False}
[0.038468] (hexadrone_description) StdoutLine: {'line': b'-- Install configuration: ""\n'}
[0.038984] (hexadrone_description) StdoutLine: {'line': b'-- Execute custom install script\n'}
[0.039179] (hexadrone_description) StdoutLine: {'line': b'-- Symlinking: /home/yehorderehus/hexadrone_ws/install/hexadrone_description/share/hexadrone_description/urdf/robot.urdf\n'}
[0.039544] (hexadrone_controller) StdoutLine: {'line': b'-- Install configuration: ""\n'}
[0.040005] (hexadrone_controller) StdoutLine: {'line': b'-- Execute custom install script\n'}
[0.040129] (hexadrone_controller) StdoutLine: {'line': b'-- Symlinking: /home/yehorderehus/hexadrone_ws/install/hexadrone_controller/share/ament_index/resource_index/package_run_dependencies/hexadrone_controller\n'}
[0.041282] (hexadrone_core) StdoutLine: {'line': b'-- Install configuration: ""\n'}
[0.041883] (hexadrone_core) StdoutLine: {'line': b'-- Execute custom install script\n'}
[0.042040] (hexadrone_core) StdoutLine: {'line': b'-- Symlinking: /home/yehorderehus/hexadrone_ws/install/hexadrone_core/share/ament_index/resource_index/package_run_dependencies/hexadrone_core\n'}
[0.044351] (hexadrone_description) StdoutLine: {'line': b'-- Symlinking: /home/yehorderehus/hexadrone_ws/install/hexadrone_description/share/hexadrone_description/config/ros2_control.yaml\n'}
[0.045330] (hexadrone_controller) StdoutLine: {'line': b'-- Symlinking: /home/yehorderehus/hexadrone_ws/install/hexadrone_controller/share/ament_index/resource_index/parent_prefix_path/hexadrone_controller\n'}
[0.047709] (hexadrone_core) StdoutLine: {'line': b'-- Symlinking: /home/yehorderehus/hexadrone_ws/install/hexadrone_core/share/ament_index/resource_index/parent_prefix_path/hexadrone_core\n'}
[0.050346] (hexadrone_description) StdoutLine: {'line': b'-- Symlinking: /home/yehorderehus/hexadrone_ws/install/hexadrone_description/share/hexadrone_description/assets/base_link.part\n'}
[0.052950] (hexadrone_core) StdoutLine: {'line': b'-- Symlinking: /home/yehorderehus/hexadrone_ws/install/hexadrone_core/share/hexadrone_core/environment/ament_prefix_path.sh\n'}
[0.054865] (hexadrone_description) StdoutLine: {'line': b'-- Symlinking: /home/yehorderehus/hexadrone_ws/install/hexadrone_description/share/hexadrone_description/assets/base_link.stl\n'}
[0.057499] (hexadrone_controller) StdoutLine: {'line': b'-- Symlinking: /home/yehorderehus/hexadrone_ws/install/hexadrone_controller/share/hexadrone_controller/environment/ament_prefix_path.sh\n'}
[0.057737] (hexadrone_core) StdoutLine: {'line': b'-- Symlinking: /home/yehorderehus/hexadrone_ws/install/hexadrone_core/share/hexadrone_core/environment/ament_prefix_path.dsv\n'}
[0.060049] (hexadrone_description) StdoutLine: {'line': b'-- Symlinking: /home/yehorderehus/hexadrone_ws/install/hexadrone_description/share/hexadrone_description/assets/cover.part\n'}
[0.061981] (hexadrone_controller) StdoutLine: {'line': b'-- Symlinking: /home/yehorderehus/hexadrone_ws/install/hexadrone_controller/share/hexadrone_controller/environment/ament_prefix_path.dsv\n'}
[0.062631] (hexadrone_core) StdoutLine: {'line': b'-- Symlinking: /home/yehorderehus/hexadrone_ws/install/hexadrone_core/share/hexadrone_core/environment/path.sh\n'}
[0.064623] (hexadrone_description) StdoutLine: {'line': b'-- Symlinking: /home/yehorderehus/hexadrone_ws/install/hexadrone_description/share/hexadrone_description/assets/cover.stl\n'}
[0.066866] (hexadrone_controller) StdoutLine: {'line': b'-- Symlinking: /home/yehorderehus/hexadrone_ws/install/hexadrone_controller/share/hexadrone_controller/environment/path.sh\n'}
[0.067400] (hexadrone_core) StdoutLine: {'line': b'-- Symlinking: /home/yehorderehus/hexadrone_ws/install/hexadrone_core/share/hexadrone_core/environment/path.dsv\n'}
[0.069269] (hexadrone_description) StdoutLine: {'line': b'-- Symlinking: /home/yehorderehus/hexadrone_ws/install/hexadrone_description/share/hexadrone_description/assets/lb_coxa.part\n'}
[0.071698] (hexadrone_controller) StdoutLine: {'line': b'-- Symlinking: /home/yehorderehus/hexadrone_ws/install/hexadrone_controller/share/hexadrone_controller/environment/path.dsv\n'}
[0.071960] (hexadrone_core) StdoutLine: {'line': b'-- Symlinking: /home/yehorderehus/hexadrone_ws/install/hexadrone_core/share/hexadrone_core/local_setup.bash\n'}
[0.074056] (hexadrone_description) StdoutLine: {'line': b'-- Symlinking: /home/yehorderehus/hexadrone_ws/install/hexadrone_description/share/hexadrone_description/assets/lb_coxa.stl\n'}
[0.076466] (hexadrone_controller) StdoutLine: {'line': b'-- Symlinking: /home/yehorderehus/hexadrone_ws/install/hexadrone_controller/share/hexadrone_controller/local_setup.bash\n'}
[0.076616] (hexadrone_core) StdoutLine: {'line': b'-- Symlinking: /home/yehorderehus/hexadrone_ws/install/hexadrone_core/share/hexadrone_core/local_setup.sh\n'}
[0.078798] (hexadrone_description) StdoutLine: {'line': b'-- Symlinking: /home/yehorderehus/hexadrone_ws/install/hexadrone_description/share/hexadrone_description/assets/lb_coxa_servo.part\n'}
[0.081322] (hexadrone_core) StdoutLine: {'line': b'-- Symlinking: /home/yehorderehus/hexadrone_ws/install/hexadrone_core/share/hexadrone_core/local_setup.zsh\n'}
[0.081464] (hexadrone_controller) StdoutLine: {'line': b'-- Symlinking: /home/yehorderehus/hexadrone_ws/install/hexadrone_controller/share/hexadrone_controller/local_setup.sh\n'}
[0.083478] (hexadrone_description) StdoutLine: {'line': b'-- Symlinking: /home/yehorderehus/hexadrone_ws/install/hexadrone_description/share/hexadrone_description/assets/lb_coxa_servo.stl\n'}
[0.086096] (hexadrone_core) StdoutLine: {'line': b'-- Symlinking: /home/yehorderehus/hexadrone_ws/install/hexadrone_core/share/hexadrone_core/local_setup.dsv\n'}
[0.086203] (hexadrone_controller) StdoutLine: {'line': b'-- Symlinking: /home/yehorderehus/hexadrone_ws/install/hexadrone_controller/share/hexadrone_controller/local_setup.zsh\n'}
[0.088244] (hexadrone_description) StdoutLine: {'line': b'-- Symlinking: /home/yehorderehus/hexadrone_ws/install/hexadrone_description/share/hexadrone_description/assets/lb_femur.part\n'}
[0.090815] (hexadrone_core) StdoutLine: {'line': b'-- Symlinking: /home/yehorderehus/hexadrone_ws/install/hexadrone_core/share/hexadrone_core/package.dsv\n'}
[0.090966] (hexadrone_controller) StdoutLine: {'line': b'-- Symlinking: /home/yehorderehus/hexadrone_ws/install/hexadrone_controller/share/hexadrone_controller/local_setup.dsv\n'}
[0.092726] (hexadrone_description) StdoutLine: {'line': b'-- Symlinking: /home/yehorderehus/hexadrone_ws/install/hexadrone_description/share/hexadrone_description/assets/lb_femur.stl\n'}
[0.095592] (hexadrone_core) StdoutLine: {'line': b'-- Symlinking: /home/yehorderehus/hexadrone_ws/install/hexadrone_core/share/ament_index/resource_index/packages/hexadrone_core\n'}
[0.095705] (hexadrone_controller) StdoutLine: {'line': b'-- Symlinking: /home/yehorderehus/hexadrone_ws/install/hexadrone_controller/share/hexadrone_controller/package.dsv\n'}
[0.097263] (hexadrone_description) StdoutLine: {'line': b'-- Symlinking: /home/yehorderehus/hexadrone_ws/install/hexadrone_description/share/hexadrone_description/assets/lb_femur_servo.part\n'}
[0.099841] (-) TimerEvent: {}
[0.100419] (hexadrone_core) StdoutLine: {'line': b'-- Symlinking: /home/yehorderehus/hexadrone_ws/install/hexadrone_core/share/hexadrone_core/cmake/hexadrone_coreConfig.cmake\n'}
[0.100567] (hexadrone_controller) StdoutLine: {'line': b'-- Symlinking: /home/yehorderehus/hexadrone_ws/install/hexadrone_controller/share/ament_index/resource_index/packages/hexadrone_controller\n'}
[0.101759] (hexadrone_description) StdoutLine: {'line': b'-- Symlinking: /home/yehorderehus/hexadrone_ws/install/hexadrone_description/share/hexadrone_description/assets/lb_femur_servo.stl\n'}
[0.105646] (hexadrone_core) StdoutLine: {'line': b'-- Symlinking: /home/yehorderehus/hexadrone_ws/install/hexadrone_core/share/hexadrone_core/cmake/hexadrone_coreConfig-version.cmake\n'}
[0.106710] (hexadrone_description) StdoutLine: {'line': b'-- Symlinking: /home/yehorderehus/hexadrone_ws/install/hexadrone_description/share/hexadrone_description/assets/lb_tibia.part\n'}
[0.106901] (hexadrone_controller) StdoutLine: {'line': b'-- Symlinking: /home/yehorderehus/hexadrone_ws/install/hexadrone_controller/share/hexadrone_controller/cmake/hexadrone_controllerConfig.cmake\n'}
[0.110769] (hexadrone_core) StdoutLine: {'line': b'-- Symlinking: /home/yehorderehus/hexadrone_ws/install/hexadrone_core/share/hexadrone_core/package.xml\n'}
[0.111243] (hexadrone_description) StdoutLine: {'line': b'-- Symlinking: /home/yehorderehus/hexadrone_ws/install/hexadrone_description/share/hexadrone_description/assets/lb_tibia.stl\n'}
[0.111620] (hexadrone_controller) StdoutLine: {'line': b'-- Symlinking: /home/yehorderehus/hexadrone_ws/install/hexadrone_controller/share/hexadrone_controller/cmake/hexadrone_controllerConfig-version.cmake\n'}
[0.115899] (hexadrone_description) StdoutLine: {'line': b'-- Symlinking: /home/yehorderehus/hexadrone_ws/install/hexadrone_description/share/hexadrone_description/assets/lb_tibia_servo.part\n'}
[0.116049] (hexadrone_controller) StdoutLine: {'line': b'-- Symlinking: /home/yehorderehus/hexadrone_ws/install/hexadrone_controller/share/hexadrone_controller/package.xml\n'}
[0.116637] (hexadrone_core) CommandEnded: {'returncode': 0}
[0.121453] (hexadrone_description) StdoutLine: {'line': b'-- Symlinking: /home/yehorderehus/hexadrone_ws/install/hexadrone_description/share/hexadrone_description/assets/lb_tibia_servo.stl\n'}
[0.125563] (hexadrone_description) StdoutLine: {'line': b'-- Symlinking: /home/yehorderehus/hexadrone_ws/install/hexadrone_description/share/hexadrone_description/assets/lb_tip.part\n'}
[0.127925] (hexadrone_core) JobEnded: {'identifier': 'hexadrone_core', 'rc': 0}
[0.128601] (hexadrone_controller) CommandEnded: {'returncode': 0}
[0.131172] (hexadrone_description) StdoutLine: {'line': b'-- Symlinking: /home/yehorderehus/hexadrone_ws/install/hexadrone_description/share/hexadrone_description/assets/lb_tip.stl\n'}
[0.135721] (hexadrone_description) StdoutLine: {'line': b'-- Symlinking: /home/yehorderehus/hexadrone_ws/install/hexadrone_description/share/hexadrone_description/assets/lf_coxa.part\n'}
[0.136607] (hexadrone_controller) JobEnded: {'identifier': 'hexadrone_controller', 'rc': 0}
[0.140680] (hexadrone_description) StdoutLine: {'line': b'-- Symlinking: /home/yehorderehus/hexadrone_ws/install/hexadrone_description/share/hexadrone_description/assets/lf_coxa.stl\n'}
[0.145493] (hexadrone_description) StdoutLine: {'line': b'-- Symlinking: /home/yehorderehus/hexadrone_ws/install/hexadrone_description/share/hexadrone_description/assets/lf_coxa_servo.part\n'}
[0.150205] (hexadrone_description) StdoutLine: {'line': b'-- Symlinking: /home/yehorderehus/hexadrone_ws/install/hexadrone_description/share/hexadrone_description/assets/lf_coxa_servo.stl\n'}
[0.154910] (hexadrone_description) StdoutLine: {'line': b'-- Symlinking: /home/yehorderehus/hexadrone_ws/install/hexadrone_description/share/hexadrone_description/assets/lf_femur.part\n'}
[0.159585] (hexadrone_description) StdoutLine: {'line': b'-- Symlinking: /home/yehorderehus/hexadrone_ws/install/hexadrone_description/share/hexadrone_description/assets/lf_femur.stl\n'}
[0.164236] (hexadrone_description) StdoutLine: {'line': b'-- Symlinking: /home/yehorderehus/hexadrone_ws/install/hexadrone_description/share/hexadrone_description/assets/lf_femur_servo.part\n'}
[0.168549] (hexadrone_description) StdoutLine: {'line': b'-- Symlinking: /home/yehorderehus/hexadrone_ws/install/hexadrone_description/share/hexadrone_description/assets/lf_femur_servo.stl\n'}
[0.173067] (hexadrone_description) StdoutLine: {'line': b'-- Symlinking: /home/yehorderehus/hexadrone_ws/install/hexadrone_description/share/hexadrone_description/assets/lf_tibia.part\n'}
[0.177526] (hexadrone_description) StdoutLine: {'line': b'-- Symlinking: /home/yehorderehus/hexadrone_ws/install/hexadrone_description/share/hexadrone_description/assets/lf_tibia.stl\n'}
[0.181629] (hexadrone_description) StdoutLine: {'line': b'-- Symlinking: /home/yehorderehus/hexadrone_ws/install/hexadrone_description/share/hexadrone_description/assets/lf_tibia_servo.part\n'}
[0.185803] (hexadrone_description) StdoutLine: {'line': b'-- Symlinking: /home/yehorderehus/hexadrone_ws/install/hexadrone_description/share/hexadrone_description/assets/lf_tibia_servo.stl\n'}
[0.190284] (hexadrone_description) StdoutLine: {'line': b'-- Symlinking: /home/yehorderehus/hexadrone_ws/install/hexadrone_description/share/hexadrone_description/assets/lf_tip.part\n'}
[0.194604] (hexadrone_description) StdoutLine: {'line': b'-- Symlinking: /home/yehorderehus/hexadrone_ws/install/hexadrone_description/share/hexadrone_description/assets/lf_tip.stl\n'}
[0.198909] (hexadrone_description) StdoutLine: {'line': b'-- Symlinking: /home/yehorderehus/hexadrone_ws/install/hexadrone_description/share/hexadrone_description/assets/lm_coxa.part\n'}
[0.199866] (-) TimerEvent: {}
[0.204295] (hexadrone_description) StdoutLine: {'line': b'-- Symlinking: /home/yehorderehus/hexadrone_ws/install/hexadrone_description/share/hexadrone_description/assets/lm_coxa.stl\n'}
[0.209073] (hexadrone_description) StdoutLine: {'line': b'-- Symlinking: /home/yehorderehus/hexadrone_ws/install/hexadrone_description/share/hexadrone_description/assets/lm_coxa_servo.part\n'}
[0.213644] (hexadrone_description) StdoutLine: {'line': b'-- Symlinking: /home/yehorderehus/hexadrone_ws/install/hexadrone_description/share/hexadrone_description/assets/lm_coxa_servo.stl\n'}
[0.218293] (hexadrone_description) StdoutLine: {'line': b'-- Symlinking: /home/yehorderehus/hexadrone_ws/install/hexadrone_description/share/hexadrone_description/assets/lm_femur.part\n'}
[0.222936] (hexadrone_description) StdoutLine: {'line': b'-- Symlinking: /home/yehorderehus/hexadrone_ws/install/hexadrone_description/share/hexadrone_description/assets/lm_femur.stl\n'}
[0.227385] (hexadrone_description) StdoutLine: {'line': b'-- Symlinking: /home/yehorderehus/hexadrone_ws/install/hexadrone_description/share/hexadrone_description/assets/lm_femur_servo.part\n'}
[0.231533] (hexadrone_description) StdoutLine: {'line': b'-- Symlinking: /home/yehorderehus/hexadrone_ws/install/hexadrone_description/share/hexadrone_description/assets/lm_femur_servo.stl\n'}
[0.235356] (hexadrone_description) StdoutLine: {'line': b'-- Symlinking: /home/yehorderehus/hexadrone_ws/install/hexadrone_description/share/hexadrone_description/assets/lm_tibia.part\n'}
[0.239604] (hexadrone_description) StdoutLine: {'line': b'-- Symlinking: /home/yehorderehus/hexadrone_ws/install/hexadrone_description/share/hexadrone_description/assets/lm_tibia.stl\n'}
[0.243885] (hexadrone_description) StdoutLine: {'line': b'-- Symlinking: /home/yehorderehus/hexadrone_ws/install/hexadrone_description/share/hexadrone_description/assets/lm_tibia_servo.part\n'}
[0.248562] (hexadrone_description) StdoutLine: {'line': b'-- Symlinking: /home/yehorderehus/hexadrone_ws/install/hexadrone_description/share/hexadrone_description/assets/lm_tibia_servo.stl\n'}
[0.252943] (hexadrone_description) StdoutLine: {'line': b'-- Symlinking: /home/yehorderehus/hexadrone_ws/install/hexadrone_description/share/hexadrone_description/assets/lm_tip.part\n'}
[0.257497] (hexadrone_description) StdoutLine: {'line': b'-- Symlinking: /home/yehorderehus/hexadrone_ws/install/hexadrone_description/share/hexadrone_description/assets/lm_tip.stl\n'}
[0.262089] (hexadrone_description) StdoutLine: {'line': b'-- Symlinking: /home/yehorderehus/hexadrone_ws/install/hexadrone_description/share/hexadrone_description/assets/rb_coxa.part\n'}
[0.266434] (hexadrone_description) StdoutLine: {'line': b'-- Symlinking: /home/yehorderehus/hexadrone_ws/install/hexadrone_description/share/hexadrone_description/assets/rb_coxa.stl\n'}
[0.271117] (hexadrone_description) StdoutLine: {'line': b'-- Symlinking: /home/yehorderehus/hexadrone_ws/install/hexadrone_description/share/hexadrone_description/assets/rb_coxa_servo.part\n'}
[0.275322] (hexadrone_description) StdoutLine: {'line': b'-- Symlinking: /home/yehorderehus/hexadrone_ws/install/hexadrone_description/share/hexadrone_description/assets/rb_coxa_servo.stl\n'}
[0.279691] (hexadrone_description) StdoutLine: {'line': b'-- Symlinking: /home/yehorderehus/hexadrone_ws/install/hexadrone_description/share/hexadrone_description/assets/rb_femur.part\n'}
[0.284015] (hexadrone_description) StdoutLine: {'line': b'-- Symlinking: /home/yehorderehus/hexadrone_ws/install/hexadrone_description/share/hexadrone_description/assets/rb_femur.stl\n'}
[0.288484] (hexadrone_description) StdoutLine: {'line': b'-- Symlinking: /home/yehorderehus/hexadrone_ws/install/hexadrone_description/share/hexadrone_description/assets/rb_femur_servo.part\n'}
[0.292892] (hexadrone_description) StdoutLine: {'line': b'-- Symlinking: /home/yehorderehus/hexadrone_ws/install/hexadrone_description/share/hexadrone_description/assets/rb_femur_servo.stl\n'}
[0.297120] (hexadrone_description) StdoutLine: {'line': b'-- Symlinking: /home/yehorderehus/hexadrone_ws/install/hexadrone_description/share/hexadrone_description/assets/rb_tibia.part\n'}
[0.299899] (-) TimerEvent: {}
[0.301920] (hexadrone_description) StdoutLine: {'line': b'-- Symlinking: /home/yehorderehus/hexadrone_ws/install/hexadrone_description/share/hexadrone_description/assets/rb_tibia.stl\n'}
[0.306462] (hexadrone_description) StdoutLine: {'line': b'-- Symlinking: /home/yehorderehus/hexadrone_ws/install/hexadrone_description/share/hexadrone_description/assets/rb_tibia_servo.part\n'}
[0.311076] (hexadrone_description) StdoutLine: {'line': b'-- Symlinking: /home/yehorderehus/hexadrone_ws/install/hexadrone_description/share/hexadrone_description/assets/rb_tibia_servo.stl\n'}
[0.315543] (hexadrone_description) StdoutLine: {'line': b'-- Symlinking: /home/yehorderehus/hexadrone_ws/install/hexadrone_description/share/hexadrone_description/assets/rb_tip.part\n'}
[0.320396] (hexadrone_description) StdoutLine: {'line': b'-- Symlinking: /home/yehorderehus/hexadrone_ws/install/hexadrone_description/share/hexadrone_description/assets/rb_tip.stl\n'}
[0.324587] (hexadrone_description) StdoutLine: {'line': b'-- Symlinking: /home/yehorderehus/hexadrone_ws/install/hexadrone_description/share/hexadrone_description/assets/rf__coxa_servo.part\n'}
[0.328741] (hexadrone_description) StdoutLine: {'line': b'-- Symlinking: /home/yehorderehus/hexadrone_ws/install/hexadrone_description/share/hexadrone_description/assets/rf__coxa_servo.stl\n'}
[0.333054] (hexadrone_description) StdoutLine: {'line': b'-- Symlinking: /home/yehorderehus/hexadrone_ws/install/hexadrone_description/share/hexadrone_description/assets/rf_coxa.part\n'}
[0.337820] (hexadrone_description) StdoutLine: {'line': b'-- Symlinking: /home/yehorderehus/hexadrone_ws/install/hexadrone_description/share/hexadrone_description/assets/rf_coxa.stl\n'}
[0.342186] (hexadrone_description) StdoutLine: {'line': b'-- Symlinking: /home/yehorderehus/hexadrone_ws/install/hexadrone_description/share/hexadrone_description/assets/rf_femur.part\n'}
[0.347246] (hexadrone_description) StdoutLine: {'line': b'-- Symlinking: /home/yehorderehus/hexadrone_ws/install/hexadrone_description/share/hexadrone_description/assets/rf_femur.stl\n'}
[0.352079] (hexadrone_description) StdoutLine: {'line': b'-- Symlinking: /home/yehorderehus/hexadrone_ws/install/hexadrone_description/share/hexadrone_description/assets/rf_femur_servo.part\n'}
[0.356746] (hexadrone_description) StdoutLine: {'line': b'-- Symlinking: /home/yehorderehus/hexadrone_ws/install/hexadrone_description/share/hexadrone_description/assets/rf_femur_servo.stl\n'}
[0.361372] (hexadrone_description) StdoutLine: {'line': b'-- Symlinking: /home/yehorderehus/hexadrone_ws/install/hexadrone_description/share/hexadrone_description/assets/rf_tibia.part\n'}
[0.365480] (hexadrone_description) StdoutLine: {'line': b'-- Symlinking: /home/yehorderehus/hexadrone_ws/install/hexadrone_description/share/hexadrone_description/assets/rf_tibia.stl\n'}
[0.369497] (hexadrone_description) StdoutLine: {'line': b'-- Symlinking: /home/yehorderehus/hexadrone_ws/install/hexadrone_description/share/hexadrone_description/assets/rf_tibia_servo.part\n'}
[0.373449] (hexadrone_description) StdoutLine: {'line': b'-- Symlinking: /home/yehorderehus/hexadrone_ws/install/hexadrone_description/share/hexadrone_description/assets/rf_tibia_servo.stl\n'}
[0.377458] (hexadrone_description) StdoutLine: {'line': b'-- Symlinking: /home/yehorderehus/hexadrone_ws/install/hexadrone_description/share/hexadrone_description/assets/rf_tip.part\n'}
[0.381476] (hexadrone_description) StdoutLine: {'line': b'-- Symlinking: /home/yehorderehus/hexadrone_ws/install/hexadrone_description/share/hexadrone_description/assets/rf_tip.stl\n'}
[0.385528] (hexadrone_description) StdoutLine: {'line': b'-- Symlinking: /home/yehorderehus/hexadrone_ws/install/hexadrone_description/share/hexadrone_description/assets/rm_coxa.part\n'}
[0.389659] (hexadrone_description) StdoutLine: {'line': b'-- Symlinking: /home/yehorderehus/hexadrone_ws/install/hexadrone_description/share/hexadrone_description/assets/rm_coxa.stl\n'}
[0.393963] (hexadrone_description) StdoutLine: {'line': b'-- Symlinking: /home/yehorderehus/hexadrone_ws/install/hexadrone_description/share/hexadrone_description/assets/rm_coxa_servo.part\n'}
[0.398340] (hexadrone_description) StdoutLine: {'line': b'-- Symlinking: /home/yehorderehus/hexadrone_ws/install/hexadrone_description/share/hexadrone_description/assets/rm_coxa_servo.stl\n'}
[0.399944] (-) TimerEvent: {}
[0.403140] (hexadrone_description) StdoutLine: {'line': b'-- Symlinking: /home/yehorderehus/hexadrone_ws/install/hexadrone_description/share/hexadrone_description/assets/rm_femur.part\n'}
[0.407558] (hexadrone_description) StdoutLine: {'line': b'-- Symlinking: /home/yehorderehus/hexadrone_ws/install/hexadrone_description/share/hexadrone_description/assets/rm_femur.stl\n'}
[0.412110] (hexadrone_description) StdoutLine: {'line': b'-- Symlinking: /home/yehorderehus/hexadrone_ws/install/hexadrone_description/share/hexadrone_description/assets/rm_femur_servo.part\n'}
[0.416506] (hexadrone_description) StdoutLine: {'line': b'-- Symlinking: /home/yehorderehus/hexadrone_ws/install/hexadrone_description/share/hexadrone_description/assets/rm_femur_servo.stl\n'}
[0.420884] (hexadrone_description) StdoutLine: {'line': b'-- Symlinking: /home/yehorderehus/hexadrone_ws/install/hexadrone_description/share/hexadrone_description/assets/rm_tibia.part\n'}
[0.425252] (hexadrone_description) StdoutLine: {'line': b'-- Symlinking: /home/yehorderehus/hexadrone_ws/install/hexadrone_description/share/hexadrone_description/assets/rm_tibia.stl\n'}
[0.429497] (hexadrone_description) StdoutLine: {'line': b'-- Symlinking: /home/yehorderehus/hexadrone_ws/install/hexadrone_description/share/hexadrone_description/assets/rm_tibia_servo.part\n'}
[0.433693] (hexadrone_description) StdoutLine: {'line': b'-- Symlinking: /home/yehorderehus/hexadrone_ws/install/hexadrone_description/share/hexadrone_description/assets/rm_tibia_servo.stl\n'}
[0.437874] (hexadrone_description) StdoutLine: {'line': b'-- Symlinking: /home/yehorderehus/hexadrone_ws/install/hexadrone_description/share/hexadrone_description/assets/rm_tip.part\n'}
[0.442037] (hexadrone_description) StdoutLine: {'line': b'-- Symlinking: /home/yehorderehus/hexadrone_ws/install/hexadrone_description/share/hexadrone_description/assets/rm_tip.stl\n'}
[0.446574] (hexadrone_description) StdoutLine: {'line': b'-- Symlinking: /home/yehorderehus/hexadrone_ws/install/hexadrone_description/share/hexadrone_description/assets/simplify_meshes.py\n'}
[0.450903] (hexadrone_description) StdoutLine: {'line': b'-- Symlinking: /home/yehorderehus/hexadrone_ws/install/hexadrone_description/share/ament_index/resource_index/package_run_dependencies/hexadrone_description\n'}
[0.455286] (hexadrone_description) StdoutLine: {'line': b'-- Symlinking: /home/yehorderehus/hexadrone_ws/install/hexadrone_description/share/ament_index/resource_index/parent_prefix_path/hexadrone_description\n'}
[0.459738] (hexadrone_description) StdoutLine: {'line': b'-- Symlinking: /home/yehorderehus/hexadrone_ws/install/hexadrone_description/share/hexadrone_description/environment/ament_prefix_path.sh\n'}
[0.464217] (hexadrone_description) StdoutLine: {'line': b'-- Symlinking: /home/yehorderehus/hexadrone_ws/install/hexadrone_description/share/hexadrone_description/environment/ament_prefix_path.dsv\n'}
[0.468639] (hexadrone_description) StdoutLine: {'line': b'-- Symlinking: /home/yehorderehus/hexadrone_ws/install/hexadrone_description/share/hexadrone_description/environment/path.sh\n'}
[0.472807] (hexadrone_description) StdoutLine: {'line': b'-- Symlinking: /home/yehorderehus/hexadrone_ws/install/hexadrone_description/share/hexadrone_description/environment/path.dsv\n'}
[0.477246] (hexadrone_description) StdoutLine: {'line': b'-- Symlinking: /home/yehorderehus/hexadrone_ws/install/hexadrone_description/share/hexadrone_description/local_setup.bash\n'}
[0.481701] (hexadrone_description) StdoutLine: {'line': b'-- Symlinking: /home/yehorderehus/hexadrone_ws/install/hexadrone_description/share/hexadrone_description/local_setup.sh\n'}
[0.486216] (hexadrone_description) StdoutLine: {'line': b'-- Symlinking: /home/yehorderehus/hexadrone_ws/install/hexadrone_description/share/hexadrone_description/local_setup.zsh\n'}
[0.490660] (hexadrone_description) StdoutLine: {'line': b'-- Symlinking: /home/yehorderehus/hexadrone_ws/install/hexadrone_description/share/hexadrone_description/local_setup.dsv\n'}
[0.494776] (hexadrone_description) StdoutLine: {'line': b'-- Symlinking: /home/yehorderehus/hexadrone_ws/install/hexadrone_description/share/hexadrone_description/package.dsv\n'}
[0.499345] (hexadrone_description) StdoutLine: {'line': b'-- Symlinking: /home/yehorderehus/hexadrone_ws/install/hexadrone_description/share/ament_index/resource_index/packages/hexadrone_description\n'}
[0.499955] (-) TimerEvent: {}
[0.504046] (hexadrone_description) StdoutLine: {'line': b'-- Symlinking: /home/yehorderehus/hexadrone_ws/install/hexadrone_description/share/hexadrone_description/cmake/hexadrone_descriptionConfig.cmake\n'}
[0.508712] (hexadrone_description) StdoutLine: {'line': b'-- Symlinking: /home/yehorderehus/hexadrone_ws/install/hexadrone_description/share/hexadrone_description/cmake/hexadrone_descriptionConfig-version.cmake\n'}
[0.513423] (hexadrone_description) StdoutLine: {'line': b'-- Symlinking: /home/yehorderehus/hexadrone_ws/install/hexadrone_description/share/hexadrone_description/package.xml\n'}
[0.518747] (hexadrone_description) CommandEnded: {'returncode': 0}
[0.526766] (hexadrone_description) JobEnded: {'identifier': 'hexadrone_description', 'rc': 0}
[0.527564] (hexadrone_webots) JobStarted: {'identifier': 'hexadrone_webots'}
[0.529561] (hexadrone_webots) JobProgress: {'identifier': 'hexadrone_webots', 'progress': 'cmake'}
[0.530109] (hexadrone_webots) JobProgress: {'identifier': 'hexadrone_webots', 'progress': 'build'}
[0.530253] (hexadrone_webots) Command: {'cmd': ['/usr/bin/cmake', '--build', '/home/yehorderehus/hexadrone_ws/build/hexadrone_webots', '--', '-j8', '-l8'], 'cwd': '/home/yehorderehus/hexadrone_ws/build/hexadrone_webots', 'env': OrderedDict({'MAIL': '/var/spool/mail/me', 'USER': 'me', 'HOSTNAME': 'host', 'XDG_SESSION_TYPE': 'wayland', 'XCURSOR_SIZE': '24', 'XDG_CACHE_HOME': '/home/.cache', 'SHLVL': '6', 'MOTD_SHOWN': 'pam', 'HOME': '/home', 'SWAYSOCK': '/run/user/1000/sway-ipc.1000.635.sock', 'CAML_LD_LIBRARY_PATH': '/home/.opam/default/lib/stublibs:/home/.opam/default/lib/ocaml/stublibs:/home/.opam/default/lib/ocaml', 'OCAML_TOPLEVEL_PATH': '/home/.opam/default/lib/toplevel', 'NIX_PROFILES': '/nix/var/nix/profiles/default /home/.nix-profile', 'DISTROBOX_ENTER_PATH': '/usr/bin/distrobox-enter', 'XDG_STATE_HOME': '/home/.local/state', 'DBUS_SESSION_BUS_ADDRESS': 'unix:path=/run/user/1000/bus', 'COLORTERM': 'truecolor', 'container': 'podman', 'WAYLAND_DISPLAY': 'wayland-1', 'LOGNAME': 'me', 'ALACRITTY_SOCKET': '/run/user/1000/Alacritty-wayland-1-66411.sock', 'WINDOWID': '93928517296832', '_': '/usr/bin/colcon', 'XDG_SESSION_CLASS': 'user', 'TERMINFO_DIRS': '/usr/share/terminfo:/run/host/usr/share/terminfo', 'TERM': 'alacritty', 'XDG_SESSION_ID': '1', 'ALACRITTY_LOG': '/tmp/Alacritty-66411.log', 'PATH': '/home/.opam/default/bin:/home/.cargo/bin:/usr/lib/rustup/bin:/home/.opam/default/bin:/home/.opam/default/bin:/home/.nix-profile/bin:/nix/var/nix/profiles/default/bin:/usr/local/sbin:/usr/local/bin:/usr/bin:/usr/bin/site_perl:/usr/bin/vendor_perl:/usr/bin/core_perl:/usr/local/sbin:/usr/local/bin:/usr/sbin:/usr/bin:/sbin:/bin:/usr/sbin:/sbin:/bin:/usr/local/games:/usr/games', 'XDG_RUNTIME_DIR': '/run/user/1000', 'DISPLAY': ':0', 'LANG': 'en_US.UTF-8', 'XDG_DATA_HOME': '/home/.local/share', 'XDG_CONFIG_HOME': '/home/.config', 'OPAMNOENVNOTICE': 'true', 'UID': '1000', 'AMENT_PREFIX_PATH': '/home/yehorderehus/hexadrone_ws/install/hexadrone_description', 'SHELL': '/usr/bin/fish', 'NIX_SSL_CERT_FILE': '/etc/ssl/certs/ca-certificates.crt', 'OCAMLTOP_INCLUDE_PATH': '/home/.opam/default/lib/toplevel:/home/.opam/default/lib/toplevel:/home/.opam/default/lib/toplevel', 'OPAM_SWITCH_PREFIX': '/home/.opam/default', 'ALACRITTY_WINDOW_ID': '93928517296832', 'PWD': '/home/yehorderehus/hexadrone_ws/build/hexadrone_webots', 'CONTAINER_ID': 'ubuntu-dev', 'XDG_CONFIG_DIRS': '/etc/xdg', 'XDG_DATA_DIRS': '/home/.local/share/flatpak/exports/share:/var/lib/flatpak/exports/share:/usr/local/share:/usr/share:/home/.nix-profile/share:/nix/var/nix/profiles/default/share', 'OPAM_LAST_ENV': '/home/.opam/.last-env/env-0d25d3a1492fdac08267831153dfe74c-0', 'I3SOCK': '/run/user/1000/sway-ipc.1000.635.sock', 'COLCON': '1', 'MANPATH': ':/home/.opam/default/man:/home/.opam/default/man:/home/.opam/default/man', 'CMAKE_PREFIX_PATH': '/home/yehorderehus/hexadrone_ws/install/hexadrone_description'}), 'shell': False}
[0.555269] (hexadrone_webots) CommandEnded: {'returncode': 0}
[0.555785] (hexadrone_webots) JobProgress: {'identifier': 'hexadrone_webots', 'progress': 'install'}
[0.556084] (hexadrone_webots) Command: {'cmd': ['/usr/bin/cmake', '--install', '/home/yehorderehus/hexadrone_ws/build/hexadrone_webots'], 'cwd': '/home/yehorderehus/hexadrone_ws/build/hexadrone_webots', 'env': OrderedDict({'MAIL': '/var/spool/mail/me', 'USER': 'me', 'HOSTNAME': 'host', 'XDG_SESSION_TYPE': 'wayland', 'XCURSOR_SIZE': '24', 'XDG_CACHE_HOME': '/home/.cache', 'SHLVL': '6', 'MOTD_SHOWN': 'pam', 'HOME': '/home', 'SWAYSOCK': '/run/user/1000/sway-ipc.1000.635.sock', 'CAML_LD_LIBRARY_PATH': '/home/.opam/default/lib/stublibs:/home/.opam/default/lib/ocaml/stublibs:/home/.opam/default/lib/ocaml', 'OCAML_TOPLEVEL_PATH': '/home/.opam/default/lib/toplevel', 'NIX_PROFILES': '/nix/var/nix/profiles/default /home/.nix-profile', 'DISTROBOX_ENTER_PATH': '/usr/bin/distrobox-enter', 'XDG_STATE_HOME': '/home/.local/state', 'DBUS_SESSION_BUS_ADDRESS': 'unix:path=/run/user/1000/bus', 'COLORTERM': 'truecolor', 'container': 'podman', 'WAYLAND_DISPLAY': 'wayland-1', 'LOGNAME': 'me', 'ALACRITTY_SOCKET': '/run/user/1000/Alacritty-wayland-1-66411.sock', 'WINDOWID': '93928517296832', '_': '/usr/bin/colcon', 'XDG_SESSION_CLASS': 'user', 'TERMINFO_DIRS': '/usr/share/terminfo:/run/host/usr/share/terminfo', 'TERM': 'alacritty', 'XDG_SESSION_ID': '1', 'ALACRITTY_LOG': '/tmp/Alacritty-66411.log', 'PATH': '/home/.opam/default/bin:/home/.cargo/bin:/usr/lib/rustup/bin:/home/.opam/default/bin:/home/.opam/default/bin:/home/.nix-profile/bin:/nix/var/nix/profiles/default/bin:/usr/local/sbin:/usr/local/bin:/usr/bin:/usr/bin/site_perl:/usr/bin/vendor_perl:/usr/bin/core_perl:/usr/local/sbin:/usr/local/bin:/usr/sbin:/usr/bin:/sbin:/bin:/usr/sbin:/sbin:/bin:/usr/local/games:/usr/games', 'XDG_RUNTIME_DIR': '/run/user/1000', 'DISPLAY': ':0', 'LANG': 'en_US.UTF-8', 'XDG_DATA_HOME': '/home/.local/share', 'XDG_CONFIG_HOME': '/home/.config', 'OPAMNOENVNOTICE': 'true', 'UID': '1000', 'AMENT_PREFIX_PATH': '/home/yehorderehus/hexadrone_ws/install/hexadrone_description', 'SHELL': '/usr/bin/fish', 'NIX_SSL_CERT_FILE': '/etc/ssl/certs/ca-certificates.crt', 'OCAMLTOP_INCLUDE_PATH': '/home/.opam/default/lib/toplevel:/home/.opam/default/lib/toplevel:/home/.opam/default/lib/toplevel', 'OPAM_SWITCH_PREFIX': '/home/.opam/default', 'ALACRITTY_WINDOW_ID': '93928517296832', 'PWD': '/home/yehorderehus/hexadrone_ws/build/hexadrone_webots', 'CONTAINER_ID': 'ubuntu-dev', 'XDG_CONFIG_DIRS': '/etc/xdg', 'XDG_DATA_DIRS': '/home/.local/share/flatpak/exports/share:/var/lib/flatpak/exports/share:/usr/local/share:/usr/share:/home/.nix-profile/share:/nix/var/nix/profiles/default/share', 'OPAM_LAST_ENV': '/home/.opam/.last-env/env-0d25d3a1492fdac08267831153dfe74c-0', 'I3SOCK': '/run/user/1000/sway-ipc.1000.635.sock', 'COLCON': '1', 'MANPATH': ':/home/.opam/default/man:/home/.opam/default/man:/home/.opam/default/man', 'CMAKE_PREFIX_PATH': '/home/yehorderehus/hexadrone_ws/install/hexadrone_description'}), 'shell': False}
[0.560459] (hexadrone_webots) StdoutLine: {'line': b'-- Install configuration: ""\n'}
[0.561045] (hexadrone_webots) StdoutLine: {'line': b'-- Execute custom install script\n'}
[0.561215] (hexadrone_webots) StdoutLine: {'line': b'-- Symlinking: /home/yehorderehus/hexadrone_ws/install/hexadrone_webots/share/hexadrone_webots/launch/launch.py\n'}
[0.566399] (hexadrone_webots) StdoutLine: {'line': b'-- Symlinking: /home/yehorderehus/hexadrone_ws/install/hexadrone_webots/share/hexadrone_webots/worlds/.hexaworld.jpg\n'}
[0.574961] (hexadrone_webots) StdoutLine: {'line': b'-- Symlinking: /home/yehorderehus/hexadrone_ws/install/hexadrone_webots/share/hexadrone_webots/worlds/.hexaworld.wbproj\n'}
[0.584490] (hexadrone_webots) StdoutLine: {'line': b'-- Symlinking: /home/yehorderehus/hexadrone_ws/install/hexadrone_webots/share/hexadrone_webots/worlds/hexaworld.wbt\n'}
[0.591938] (hexadrone_webots) StdoutLine: {'line': b'-- Symlinking: /home/yehorderehus/hexadrone_ws/install/hexadrone_webots/share/hexadrone_webots/protos/Ros2Supervisor.proto\n'}
[0.598454] (hexadrone_webots) StdoutLine: {'line': b'-- Symlinking: /home/yehorderehus/hexadrone_ws/install/hexadrone_webots/share/hexadrone_webots/protos/robot.proto\n'}
[0.599990] (-) TimerEvent: {}
[0.604342] (hexadrone_webots) StdoutLine: {'line': b'-- Symlinking: /home/yehorderehus/hexadrone_ws/install/hexadrone_webots/share/hexadrone_webots/assets/base_link.part\n'}
[0.611055] (hexadrone_webots) StdoutLine: {'line': b'-- Symlinking: /home/yehorderehus/hexadrone_ws/install/hexadrone_webots/share/hexadrone_webots/assets/base_link.stl\n'}
[0.618071] (hexadrone_webots) StdoutLine: {'line': b'-- Symlinking: /home/yehorderehus/hexadrone_ws/install/hexadrone_webots/share/hexadrone_webots/assets/cover.part\n'}
[0.623314] (hexadrone_webots) StdoutLine: {'line': b'-- Symlinking: /home/yehorderehus/hexadrone_ws/install/hexadrone_webots/share/hexadrone_webots/assets/cover.stl\n'}
[0.629421] (hexadrone_webots) StdoutLine: {'line': b'-- Symlinking: /home/yehorderehus/hexadrone_ws/install/hexadrone_webots/share/hexadrone_webots/assets/lb_coxa.part\n'}
[0.634778] (hexadrone_webots) StdoutLine: {'line': b'-- Symlinking: /home/yehorderehus/hexadrone_ws/install/hexadrone_webots/share/hexadrone_webots/assets/lb_coxa.stl\n'}
[0.640898] (hexadrone_webots) StdoutLine: {'line': b'-- Symlinking: /home/yehorderehus/hexadrone_ws/install/hexadrone_webots/share/hexadrone_webots/assets/lb_coxa_servo.part\n'}
[0.645810] (hexadrone_webots) StdoutLine: {'line': b'-- Symlinking: /home/yehorderehus/hexadrone_ws/install/hexadrone_webots/share/hexadrone_webots/assets/lb_coxa_servo.stl\n'}
[0.651124] (hexadrone_webots) StdoutLine: {'line': b'-- Symlinking: /home/yehorderehus/hexadrone_ws/install/hexadrone_webots/share/hexadrone_webots/assets/lb_femur.part\n'}
[0.656132] (hexadrone_webots) StdoutLine: {'line': b'-- Symlinking: /home/yehorderehus/hexadrone_ws/install/hexadrone_webots/share/hexadrone_webots/assets/lb_femur.stl\n'}
[0.661054] (hexadrone_webots) StdoutLine: {'line': b'-- Symlinking: /home/yehorderehus/hexadrone_ws/install/hexadrone_webots/share/hexadrone_webots/assets/lb_femur_servo.part\n'}
[0.665262] (hexadrone_webots) StdoutLine: {'line': b'-- Symlinking: /home/yehorderehus/hexadrone_ws/install/hexadrone_webots/share/hexadrone_webots/assets/lb_femur_servo.stl\n'}
[0.669869] (hexadrone_webots) StdoutLine: {'line': b'-- Symlinking: /home/yehorderehus/hexadrone_ws/install/hexadrone_webots/share/hexadrone_webots/assets/lb_tibia.part\n'}
[0.674049] (hexadrone_webots) StdoutLine: {'line': b'-- Symlinking: /home/yehorderehus/hexadrone_ws/install/hexadrone_webots/share/hexadrone_webots/assets/lb_tibia.stl\n'}
[0.678968] (hexadrone_webots) StdoutLine: {'line': b'-- Symlinking: /home/yehorderehus/hexadrone_ws/install/hexadrone_webots/share/hexadrone_webots/assets/lb_tibia_servo.part\n'}
[0.683102] (hexadrone_webots) StdoutLine: {'line': b'-- Symlinking: /home/yehorderehus/hexadrone_ws/install/hexadrone_webots/share/hexadrone_webots/assets/lb_tibia_servo.stl\n'}
[0.687869] (hexadrone_webots) StdoutLine: {'line': b'-- Symlinking: /home/yehorderehus/hexadrone_ws/install/hexadrone_webots/share/hexadrone_webots/assets/lb_tip.part\n'}
[0.691991] (hexadrone_webots) StdoutLine: {'line': b'-- Symlinking: /home/yehorderehus/hexadrone_ws/install/hexadrone_webots/share/hexadrone_webots/assets/lb_tip.stl\n'}
[0.696674] (hexadrone_webots) StdoutLine: {'line': b'-- Symlinking: /home/yehorderehus/hexadrone_ws/install/hexadrone_webots/share/hexadrone_webots/assets/lf_coxa.part\n'}
[0.700030] (-) TimerEvent: {}
[0.701215] (hexadrone_webots) StdoutLine: {'line': b'-- Symlinking: /home/yehorderehus/hexadrone_ws/install/hexadrone_webots/share/hexadrone_webots/assets/lf_coxa.stl\n'}
[0.706080] (hexadrone_webots) StdoutLine: {'line': b'-- Symlinking: /home/yehorderehus/hexadrone_ws/install/hexadrone_webots/share/hexadrone_webots/assets/lf_coxa_servo.part\n'}
[0.710808] (hexadrone_webots) StdoutLine: {'line': b'-- Symlinking: /home/yehorderehus/hexadrone_ws/install/hexadrone_webots/share/hexadrone_webots/assets/lf_coxa_servo.stl\n'}
[0.715767] (hexadrone_webots) StdoutLine: {'line': b'-- Symlinking: /home/yehorderehus/hexadrone_ws/install/hexadrone_webots/share/hexadrone_webots/assets/lf_femur.part\n'}
[0.720180] (hexadrone_webots) StdoutLine: {'line': b'-- Symlinking: /home/yehorderehus/hexadrone_ws/install/hexadrone_webots/share/hexadrone_webots/assets/lf_femur.stl\n'}
[0.725150] (hexadrone_webots) StdoutLine: {'line': b'-- Symlinking: /home/yehorderehus/hexadrone_ws/install/hexadrone_webots/share/hexadrone_webots/assets/lf_femur_servo.part\n'}
[0.729549] (hexadrone_webots) StdoutLine: {'line': b'-- Symlinking: /home/yehorderehus/hexadrone_ws/install/hexadrone_webots/share/hexadrone_webots/assets/lf_femur_servo.stl\n'}
[0.734533] (hexadrone_webots) StdoutLine: {'line': b'-- Symlinking: /home/yehorderehus/hexadrone_ws/install/hexadrone_webots/share/hexadrone_webots/assets/lf_tibia.part\n'}
[0.738722] (hexadrone_webots) StdoutLine: {'line': b'-- Symlinking: /home/yehorderehus/hexadrone_ws/install/hexadrone_webots/share/hexadrone_webots/assets/lf_tibia.stl\n'}
[0.743330] (hexadrone_webots) StdoutLine: {'line': b'-- Symlinking: /home/yehorderehus/hexadrone_ws/install/hexadrone_webots/share/hexadrone_webots/assets/lf_tibia_servo.part\n'}
[0.747732] (hexadrone_webots) StdoutLine: {'line': b'-- Symlinking: /home/yehorderehus/hexadrone_ws/install/hexadrone_webots/share/hexadrone_webots/assets/lf_tibia_servo.stl\n'}
[0.752409] (hexadrone_webots) StdoutLine: {'line': b'-- Symlinking: /home/yehorderehus/hexadrone_ws/install/hexadrone_webots/share/hexadrone_webots/assets/lf_tip.part\n'}
[0.757811] (hexadrone_webots) StdoutLine: {'line': b'-- Symlinking: /home/yehorderehus/hexadrone_ws/install/hexadrone_webots/share/hexadrone_webots/assets/lf_tip.stl\n'}
[0.762356] (hexadrone_webots) StdoutLine: {'line': b'-- Symlinking: /home/yehorderehus/hexadrone_ws/install/hexadrone_webots/share/hexadrone_webots/assets/lm_coxa.part\n'}
[0.767784] (hexadrone_webots) StdoutLine: {'line': b'-- Symlinking: /home/yehorderehus/hexadrone_ws/install/hexadrone_webots/share/hexadrone_webots/assets/lm_coxa.stl\n'}
[0.772347] (hexadrone_webots) StdoutLine: {'line': b'-- Symlinking: /home/yehorderehus/hexadrone_ws/install/hexadrone_webots/share/hexadrone_webots/assets/lm_coxa_servo.part\n'}
[0.777536] (hexadrone_webots) StdoutLine: {'line': b'-- Symlinking: /home/yehorderehus/hexadrone_ws/install/hexadrone_webots/share/hexadrone_webots/assets/lm_coxa_servo.stl\n'}
[0.781648] (hexadrone_webots) StdoutLine: {'line': b'-- Symlinking: /home/yehorderehus/hexadrone_ws/install/hexadrone_webots/share/hexadrone_webots/assets/lm_femur.part\n'}
[0.786025] (hexadrone_webots) StdoutLine: {'line': b'-- Symlinking: /home/yehorderehus/hexadrone_ws/install/hexadrone_webots/share/hexadrone_webots/assets/lm_femur.stl\n'}
[0.790632] (hexadrone_webots) StdoutLine: {'line': b'-- Symlinking: /home/yehorderehus/hexadrone_ws/install/hexadrone_webots/share/hexadrone_webots/assets/lm_femur_servo.part\n'}
[0.794829] (hexadrone_webots) StdoutLine: {'line': b'-- Symlinking: /home/yehorderehus/hexadrone_ws/install/hexadrone_webots/share/hexadrone_webots/assets/lm_femur_servo.stl\n'}
[0.799003] (hexadrone_webots) StdoutLine: {'line': b'-- Symlinking: /home/yehorderehus/hexadrone_ws/install/hexadrone_webots/share/hexadrone_webots/assets/lm_tibia.part\n'}
[0.800060] (-) TimerEvent: {}
[0.803799] (hexadrone_webots) StdoutLine: {'line': b'-- Symlinking: /home/yehorderehus/hexadrone_ws/install/hexadrone_webots/share/hexadrone_webots/assets/lm_tibia.stl\n'}
[0.808197] (hexadrone_webots) StdoutLine: {'line': b'-- Symlinking: /home/yehorderehus/hexadrone_ws/install/hexadrone_webots/share/hexadrone_webots/assets/lm_tibia_servo.part\n'}
[0.812759] (hexadrone_webots) StdoutLine: {'line': b'-- Symlinking: /home/yehorderehus/hexadrone_ws/install/hexadrone_webots/share/hexadrone_webots/assets/lm_tibia_servo.stl\n'}
[0.816937] (hexadrone_webots) StdoutLine: {'line': b'-- Symlinking: /home/yehorderehus/hexadrone_ws/install/hexadrone_webots/share/hexadrone_webots/assets/lm_tip.part\n'}
[0.821370] (hexadrone_webots) StdoutLine: {'line': b'-- Symlinking: /home/yehorderehus/hexadrone_ws/install/hexadrone_webots/share/hexadrone_webots/assets/lm_tip.stl\n'}
[0.826007] (hexadrone_webots) StdoutLine: {'line': b'-- Symlinking: /home/yehorderehus/hexadrone_ws/install/hexadrone_webots/share/hexadrone_webots/assets/rb_coxa.part\n'}
[0.830612] (hexadrone_webots) StdoutLine: {'line': b'-- Symlinking: /home/yehorderehus/hexadrone_ws/install/hexadrone_webots/share/hexadrone_webots/assets/rb_coxa.stl\n'}
[0.836171] (hexadrone_webots) StdoutLine: {'line': b'-- Symlinking: /home/yehorderehus/hexadrone_ws/install/hexadrone_webots/share/hexadrone_webots/assets/rb_coxa_servo.part\n'}
[0.841629] (hexadrone_webots) StdoutLine: {'line': b'-- Symlinking: /home/yehorderehus/hexadrone_ws/install/hexadrone_webots/share/hexadrone_webots/assets/rb_coxa_servo.stl\n'}
[0.846883] (hexadrone_webots) StdoutLine: {'line': b'-- Symlinking: /home/yehorderehus/hexadrone_ws/install/hexadrone_webots/share/hexadrone_webots/assets/rb_femur.part\n'}
[0.851719] (hexadrone_webots) StdoutLine: {'line': b'-- Symlinking: /home/yehorderehus/hexadrone_ws/install/hexadrone_webots/share/hexadrone_webots/assets/rb_femur.stl\n'}
[0.857001] (hexadrone_webots) StdoutLine: {'line': b'-- Symlinking: /home/yehorderehus/hexadrone_ws/install/hexadrone_webots/share/hexadrone_webots/assets/rb_femur_servo.part\n'}
[0.861727] (hexadrone_webots) StdoutLine: {'line': b'-- Symlinking: /home/yehorderehus/hexadrone_ws/install/hexadrone_webots/share/hexadrone_webots/assets/rb_femur_servo.stl\n'}
[0.866749] (hexadrone_webots) StdoutLine: {'line': b'-- Symlinking: /home/yehorderehus/hexadrone_ws/install/hexadrone_webots/share/hexadrone_webots/assets/rb_tibia.part\n'}
[0.871514] (hexadrone_webots) StdoutLine: {'line': b'-- Symlinking: /home/yehorderehus/hexadrone_ws/install/hexadrone_webots/share/hexadrone_webots/assets/rb_tibia.stl\n'}
[0.876281] (hexadrone_webots) StdoutLine: {'line': b'-- Symlinking: /home/yehorderehus/hexadrone_ws/install/hexadrone_webots/share/hexadrone_webots/assets/rb_tibia_servo.part\n'}
[0.880544] (hexadrone_webots) StdoutLine: {'line': b'-- Symlinking: /home/yehorderehus/hexadrone_ws/install/hexadrone_webots/share/hexadrone_webots/assets/rb_tibia_servo.stl\n'}
[0.884851] (hexadrone_webots) StdoutLine: {'line': b'-- Symlinking: /home/yehorderehus/hexadrone_ws/install/hexadrone_webots/share/hexadrone_webots/assets/rb_tip.part\n'}
[0.889505] (hexadrone_webots) StdoutLine: {'line': b'-- Symlinking: /home/yehorderehus/hexadrone_ws/install/hexadrone_webots/share/hexadrone_webots/assets/rb_tip.stl\n'}
[0.893730] (hexadrone_webots) StdoutLine: {'line': b'-- Symlinking: /home/yehorderehus/hexadrone_ws/install/hexadrone_webots/share/hexadrone_webots/assets/rf__coxa_servo.part\n'}
[0.898115] (hexadrone_webots) StdoutLine: {'line': b'-- Symlinking: /home/yehorderehus/hexadrone_ws/install/hexadrone_webots/share/hexadrone_webots/assets/rf__coxa_servo.stl\n'}
[0.900100] (-) TimerEvent: {}
[0.903146] (hexadrone_webots) StdoutLine: {'line': b'-- Symlinking: /home/yehorderehus/hexadrone_ws/install/hexadrone_webots/share/hexadrone_webots/assets/rf_coxa.part\n'}
[0.907526] (hexadrone_webots) StdoutLine: {'line': b'-- Symlinking: /home/yehorderehus/hexadrone_ws/install/hexadrone_webots/share/hexadrone_webots/assets/rf_coxa.stl\n'}
[0.912149] (hexadrone_webots) StdoutLine: {'line': b'-- Symlinking: /home/yehorderehus/hexadrone_ws/install/hexadrone_webots/share/hexadrone_webots/assets/rf_femur.part\n'}
[0.916365] (hexadrone_webots) StdoutLine: {'line': b'-- Symlinking: /home/yehorderehus/hexadrone_ws/install/hexadrone_webots/share/hexadrone_webots/assets/rf_femur.stl\n'}
[0.920697] (hexadrone_webots) StdoutLine: {'line': b'-- Symlinking: /home/yehorderehus/hexadrone_ws/install/hexadrone_webots/share/hexadrone_webots/assets/rf_femur_servo.part\n'}
[0.924872] (hexadrone_webots) StdoutLine: {'line': b'-- Symlinking: /home/yehorderehus/hexadrone_ws/install/hexadrone_webots/share/hexadrone_webots/assets/rf_femur_servo.stl\n'}
[0.929413] (hexadrone_webots) StdoutLine: {'line': b'-- Symlinking: /home/yehorderehus/hexadrone_ws/install/hexadrone_webots/share/hexadrone_webots/assets/rf_tibia.part\n'}
[0.933573] (hexadrone_webots) StdoutLine: {'line': b'-- Symlinking: /home/yehorderehus/hexadrone_ws/install/hexadrone_webots/share/hexadrone_webots/assets/rf_tibia.stl\n'}
[0.937602] (hexadrone_webots) StdoutLine: {'line': b'-- Symlinking: /home/yehorderehus/hexadrone_ws/install/hexadrone_webots/share/hexadrone_webots/assets/rf_tibia_servo.part\n'}
[0.941824] (hexadrone_webots) StdoutLine: {'line': b'-- Symlinking: /home/yehorderehus/hexadrone_ws/install/hexadrone_webots/share/hexadrone_webots/assets/rf_tibia_servo.stl\n'}
[0.946185] (hexadrone_webots) StdoutLine: {'line': b'-- Symlinking: /home/yehorderehus/hexadrone_ws/install/hexadrone_webots/share/hexadrone_webots/assets/rf_tip.part\n'}
[0.950504] (hexadrone_webots) StdoutLine: {'line': b'-- Symlinking: /home/yehorderehus/hexadrone_ws/install/hexadrone_webots/share/hexadrone_webots/assets/rf_tip.stl\n'}
[0.954789] (hexadrone_webots) StdoutLine: {'line': b'-- Symlinking: /home/yehorderehus/hexadrone_ws/install/hexadrone_webots/share/hexadrone_webots/assets/rm_coxa.part\n'}
[0.958992] (hexadrone_webots) StdoutLine: {'line': b'-- Symlinking: /home/yehorderehus/hexadrone_ws/install/hexadrone_webots/share/hexadrone_webots/assets/rm_coxa.stl\n'}
[0.963369] (hexadrone_webots) StdoutLine: {'line': b'-- Symlinking: /home/yehorderehus/hexadrone_ws/install/hexadrone_webots/share/hexadrone_webots/assets/rm_coxa_servo.part\n'}
[0.967556] (hexadrone_webots) StdoutLine: {'line': b'-- Symlinking: /home/yehorderehus/hexadrone_ws/install/hexadrone_webots/share/hexadrone_webots/assets/rm_coxa_servo.stl\n'}
[0.971782] (hexadrone_webots) StdoutLine: {'line': b'-- Symlinking: /home/yehorderehus/hexadrone_ws/install/hexadrone_webots/share/hexadrone_webots/assets/rm_femur.part\n'}
[0.976171] (hexadrone_webots) StdoutLine: {'line': b'-- Symlinking: /home/yehorderehus/hexadrone_ws/install/hexadrone_webots/share/hexadrone_webots/assets/rm_femur.stl\n'}
[0.980158] (hexadrone_webots) StdoutLine: {'line': b'-- Symlinking: /home/yehorderehus/hexadrone_ws/install/hexadrone_webots/share/hexadrone_webots/assets/rm_femur_servo.part\n'}
[0.984580] (hexadrone_webots) StdoutLine: {'line': b'-- Symlinking: /home/yehorderehus/hexadrone_ws/install/hexadrone_webots/share/hexadrone_webots/assets/rm_femur_servo.stl\n'}
[0.988859] (hexadrone_webots) StdoutLine: {'line': b'-- Symlinking: /home/yehorderehus/hexadrone_ws/install/hexadrone_webots/share/hexadrone_webots/assets/rm_tibia.part\n'}
[0.993482] (hexadrone_webots) StdoutLine: {'line': b'-- Symlinking: /home/yehorderehus/hexadrone_ws/install/hexadrone_webots/share/hexadrone_webots/assets/rm_tibia.stl\n'}
[0.997840] (hexadrone_webots) StdoutLine: {'line': b'-- Symlinking: /home/yehorderehus/hexadrone_ws/install/hexadrone_webots/share/hexadrone_webots/assets/rm_tibia_servo.part\n'}
[1.000142] (-) TimerEvent: {}
[1.002509] (hexadrone_webots) StdoutLine: {'line': b'-- Symlinking: /home/yehorderehus/hexadrone_ws/install/hexadrone_webots/share/hexadrone_webots/assets/rm_tibia_servo.stl\n'}
[1.007180] (hexadrone_webots) StdoutLine: {'line': b'-- Symlinking: /home/yehorderehus/hexadrone_ws/install/hexadrone_webots/share/hexadrone_webots/assets/rm_tip.part\n'}
[1.011600] (hexadrone_webots) StdoutLine: {'line': b'-- Symlinking: /home/yehorderehus/hexadrone_ws/install/hexadrone_webots/share/hexadrone_webots/assets/rm_tip.stl\n'}
[1.016073] (hexadrone_webots) StdoutLine: {'line': b'-- Symlinking: /home/yehorderehus/hexadrone_ws/install/hexadrone_webots/share/hexadrone_webots/assets/simplify_meshes.py\n'}
[1.020560] (hexadrone_webots) StdoutLine: {'line': b'-- Symlinking: /home/yehorderehus/hexadrone_ws/install/hexadrone_webots/share/ament_index/resource_index/package_run_dependencies/hexadrone_webots\n'}
[1.024987] (hexadrone_webots) StdoutLine: {'line': b'-- Symlinking: /home/yehorderehus/hexadrone_ws/install/hexadrone_webots/share/ament_index/resource_index/parent_prefix_path/hexadrone_webots\n'}
[1.029450] (hexadrone_webots) StdoutLine: {'line': b'-- Symlinking: /home/yehorderehus/hexadrone_ws/install/hexadrone_webots/share/hexadrone_webots/environment/ament_prefix_path.sh\n'}
[1.033978] (hexadrone_webots) StdoutLine: {'line': b'-- Symlinking: /home/yehorderehus/hexadrone_ws/install/hexadrone_webots/share/hexadrone_webots/environment/ament_prefix_path.dsv\n'}
[1.039157] (hexadrone_webots) StdoutLine: {'line': b'-- Symlinking: /home/yehorderehus/hexadrone_ws/install/hexadrone_webots/share/hexadrone_webots/environment/path.sh\n'}
[1.043589] (hexadrone_webots) StdoutLine: {'line': b'-- Symlinking: /home/yehorderehus/hexadrone_ws/install/hexadrone_webots/share/hexadrone_webots/environment/path.dsv\n'}
[1.048278] (hexadrone_webots) StdoutLine: {'line': b'-- Symlinking: /home/yehorderehus/hexadrone_ws/install/hexadrone_webots/share/hexadrone_webots/local_setup.bash\n'}
[1.053072] (hexadrone_webots) StdoutLine: {'line': b'-- Symlinking: /home/yehorderehus/hexadrone_ws/install/hexadrone_webots/share/hexadrone_webots/local_setup.sh\n'}
[1.058163] (hexadrone_webots) StdoutLine: {'line': b'-- Symlinking: /home/yehorderehus/hexadrone_ws/install/hexadrone_webots/share/hexadrone_webots/local_setup.zsh\n'}
[1.063264] (hexadrone_webots) StdoutLine: {'line': b'-- Symlinking: /home/yehorderehus/hexadrone_ws/install/hexadrone_webots/share/hexadrone_webots/local_setup.dsv\n'}
[1.067706] (hexadrone_webots) StdoutLine: {'line': b'-- Symlinking: /home/yehorderehus/hexadrone_ws/install/hexadrone_webots/share/hexadrone_webots/package.dsv\n'}
[1.072221] (hexadrone_webots) StdoutLine: {'line': b'-- Symlinking: /home/yehorderehus/hexadrone_ws/install/hexadrone_webots/share/ament_index/resource_index/packages/hexadrone_webots\n'}
[1.076943] (hexadrone_webots) StdoutLine: {'line': b'-- Symlinking: /home/yehorderehus/hexadrone_ws/install/hexadrone_webots/share/hexadrone_webots/cmake/hexadrone_webotsConfig.cmake\n'}
[1.081355] (hexadrone_webots) StdoutLine: {'line': b'-- Symlinking: /home/yehorderehus/hexadrone_ws/install/hexadrone_webots/share/hexadrone_webots/cmake/hexadrone_webotsConfig-version.cmake\n'}
[1.085909] (hexadrone_webots) StdoutLine: {'line': b'-- Symlinking: /home/yehorderehus/hexadrone_ws/install/hexadrone_webots/share/hexadrone_webots/package.xml\n'}
[1.091901] (hexadrone_webots) CommandEnded: {'returncode': 0}
[1.099722] (hexadrone_webots) JobEnded: {'identifier': 'hexadrone_webots', 'rc': 0}
[1.100229] (-) TimerEvent: {}
[1.100295] (-) EventReactorShutdown: {}
