[0.053s] DEBUG:colcon:Command line arguments: ['/usr/bin/colcon', 'build', '--symlink-install']
[0.053s] DEBUG:colcon:Parsed command line arguments: Namespace(log_base=None, log_level=None, verb_name='build', build_base='build', install_base='install', merge_install=False, symlink_install=True, test_result_base=None, continue_on_error=False, executor='parallel', parallel_workers=8, event_handlers=None, ignore_user_meta=False, metas=['./colcon.meta'], base_paths=['.'], packages_ignore=None, packages_ignore_regex=None, paths=None, packages_up_to=None, packages_up_to_regex=None, packages_above=None, packages_above_and_dependencies=None, packages_above_depth=None, packages_select_by_dep=None, packages_skip_by_dep=None, packages_skip_up_to=None, packages_select_build_failed=False, packages_skip_build_finished=False, packages_select_test_failures=False, packages_skip_test_passed=False, packages_select=None, packages_skip=None, packages_select_regex=None, packages_skip_regex=None, packages_start=None, packages_end=None, allow_overriding=[], cmake_args=None, cmake_target=None, cmake_target_skip_unavailable=False, cmake_clean_cache=False, cmake_clean_first=False, cmake_force_configure=False, ament_cmake_args=None, catkin_cmake_args=None, catkin_skip_building_tests=False, verb_parser=<colcon_defaults.argument_parser.defaults.DefaultArgumentsDecorator object at 0x7f32c4d285f0>, verb_extension=<colcon_core.verb.build.BuildVerb object at 0x7f32c4fec860>, main=<bound method BuildVerb.main of <colcon_core.verb.build.BuildVerb object at 0x7f32c4fec860>>)
[0.077s] Level 1:colcon.colcon_core.package_discovery:discover_packages(colcon_meta) check parameters
[0.077s] Level 1:colcon.colcon_core.package_discovery:discover_packages(recursive) check parameters
[0.077s] Level 1:colcon.colcon_core.package_discovery:discover_packages(ignore) check parameters
[0.077s] Level 1:colcon.colcon_core.package_discovery:discover_packages(path) check parameters
[0.077s] Level 1:colcon.colcon_core.package_discovery:discover_packages(colcon_meta) discover
[0.077s] Level 1:colcon.colcon_core.package_discovery:discover_packages(recursive) discover
[0.077s] INFO:colcon.colcon_core.package_discovery:Crawling recursively for packages in '/home/yehorderehus/hexadrone_ws'
[0.077s] Level 1:colcon.colcon_core.package_identification:_identify(.) by extensions ['ignore', 'ignore_ament_install']
[0.077s] Level 1:colcon.colcon_core.package_identification:_identify(.) by extension 'ignore'
[0.077s] Level 1:colcon.colcon_core.package_identification:_identify(.) by extension 'ignore_ament_install'
[0.077s] Level 1:colcon.colcon_core.package_identification:_identify(.) by extensions ['colcon_pkg']
[0.077s] Level 1:colcon.colcon_core.package_identification:_identify(.) by extension 'colcon_pkg'
[0.077s] Level 1:colcon.colcon_core.package_identification:_identify(.) by extensions ['colcon_meta']
[0.077s] Level 1:colcon.colcon_core.package_identification:_identify(.) by extension 'colcon_meta'
[0.077s] Level 1:colcon.colcon_core.package_identification:_identify(.) by extensions ['ros']
[0.077s] Level 1:colcon.colcon_core.package_identification:_identify(.) by extension 'ros'
[0.093s] Level 1:colcon.colcon_core.package_identification:_identify(.) by extensions ['cmake', 'python']
[0.093s] Level 1:colcon.colcon_core.package_identification:_identify(.) by extension 'cmake'
[0.093s] Level 1:colcon.colcon_core.package_identification:_identify(.) by extension 'python'
[0.093s] Level 1:colcon.colcon_core.package_identification:_identify(.) by extensions ['python_setup_py']
[0.093s] Level 1:colcon.colcon_core.package_identification:_identify(.) by extension 'python_setup_py'
[0.093s] Level 1:colcon.colcon_core.package_identification:_identify(build) by extensions ['ignore', 'ignore_ament_install']
[0.093s] Level 1:colcon.colcon_core.package_identification:_identify(build) by extension 'ignore'
[0.093s] Level 1:colcon.colcon_core.package_identification:_identify(build) ignored
[0.093s] Level 1:colcon.colcon_core.package_identification:_identify(install) by extensions ['ignore', 'ignore_ament_install']
[0.093s] Level 1:colcon.colcon_core.package_identification:_identify(install) by extension 'ignore'
[0.093s] Level 1:colcon.colcon_core.package_identification:_identify(install) ignored
[0.093s] Level 1:colcon.colcon_core.package_identification:_identify(log) by extensions ['ignore', 'ignore_ament_install']
[0.093s] Level 1:colcon.colcon_core.package_identification:_identify(log) by extension 'ignore'
[0.093s] Level 1:colcon.colcon_core.package_identification:_identify(log) ignored
[0.093s] Level 1:colcon.colcon_core.package_identification:_identify(src) by extensions ['ignore', 'ignore_ament_install']
[0.093s] Level 1:colcon.colcon_core.package_identification:_identify(src) by extension 'ignore'
[0.093s] Level 1:colcon.colcon_core.package_identification:_identify(src) by extension 'ignore_ament_install'
[0.094s] Level 1:colcon.colcon_core.package_identification:_identify(src) by extensions ['colcon_pkg']
[0.094s] Level 1:colcon.colcon_core.package_identification:_identify(src) by extension 'colcon_pkg'
[0.094s] Level 1:colcon.colcon_core.package_identification:_identify(src) by extensions ['colcon_meta']
[0.094s] Level 1:colcon.colcon_core.package_identification:_identify(src) by extension 'colcon_meta'
[0.094s] Level 1:colcon.colcon_core.package_identification:_identify(src) by extensions ['ros']
[0.094s] Level 1:colcon.colcon_core.package_identification:_identify(src) by extension 'ros'
[0.094s] Level 1:colcon.colcon_core.package_identification:_identify(src) by extensions ['cmake', 'python']
[0.094s] Level 1:colcon.colcon_core.package_identification:_identify(src) by extension 'cmake'
[0.094s] Level 1:colcon.colcon_core.package_identification:_identify(src) by extension 'python'
[0.094s] Level 1:colcon.colcon_core.package_identification:_identify(src) by extensions ['python_setup_py']
[0.094s] Level 1:colcon.colcon_core.package_identification:_identify(src) by extension 'python_setup_py'
[0.094s] Level 1:colcon.colcon_core.package_identification:_identify(src/hexadrone_controller) by extensions ['ignore', 'ignore_ament_install']
[0.094s] Level 1:colcon.colcon_core.package_identification:_identify(src/hexadrone_controller) by extension 'ignore'
[0.094s] Level 1:colcon.colcon_core.package_identification:_identify(src/hexadrone_controller) by extension 'ignore_ament_install'
[0.094s] Level 1:colcon.colcon_core.package_identification:_identify(src/hexadrone_controller) by extensions ['colcon_pkg']
[0.094s] Level 1:colcon.colcon_core.package_identification:_identify(src/hexadrone_controller) by extension 'colcon_pkg'
[0.094s] Level 1:colcon.colcon_core.package_identification:_identify(src/hexadrone_controller) by extensions ['colcon_meta']
[0.094s] Level 1:colcon.colcon_core.package_identification:_identify(src/hexadrone_controller) by extension 'colcon_meta'
[0.094s] Level 1:colcon.colcon_core.package_identification:_identify(src/hexadrone_controller) by extensions ['ros']
[0.094s] Level 1:colcon.colcon_core.package_identification:_identify(src/hexadrone_controller) by extension 'ros'
[0.095s] DEBUG:colcon.colcon_core.package_identification:Package 'src/hexadrone_controller' with type 'ros.ament_cmake' and name 'hexadrone_controller'
[0.095s] Level 1:colcon.colcon_core.package_identification:_identify(src/hexadrone_core) by extensions ['ignore', 'ignore_ament_install']
[0.096s] Level 1:colcon.colcon_core.package_identification:_identify(src/hexadrone_core) by extension 'ignore'
[0.096s] Level 1:colcon.colcon_core.package_identification:_identify(src/hexadrone_core) by extension 'ignore_ament_install'
[0.096s] Level 1:colcon.colcon_core.package_identification:_identify(src/hexadrone_core) by extensions ['colcon_pkg']
[0.096s] Level 1:colcon.colcon_core.package_identification:_identify(src/hexadrone_core) by extension 'colcon_pkg'
[0.096s] Level 1:colcon.colcon_core.package_identification:_identify(src/hexadrone_core) by extensions ['colcon_meta']
[0.096s] Level 1:colcon.colcon_core.package_identification:_identify(src/hexadrone_core) by extension 'colcon_meta'
[0.096s] Level 1:colcon.colcon_core.package_identification:_identify(src/hexadrone_core) by extensions ['ros']
[0.096s] Level 1:colcon.colcon_core.package_identification:_identify(src/hexadrone_core) by extension 'ros'
[0.096s] DEBUG:colcon.colcon_core.package_identification:Package 'src/hexadrone_core' with type 'ros.ament_cmake' and name 'hexadrone_core'
[0.096s] Level 1:colcon.colcon_core.package_identification:_identify(src/hexadrone_description) by extensions ['ignore', 'ignore_ament_install']
[0.096s] Level 1:colcon.colcon_core.package_identification:_identify(src/hexadrone_description) by extension 'ignore'
[0.096s] Level 1:colcon.colcon_core.package_identification:_identify(src/hexadrone_description) by extension 'ignore_ament_install'
[0.096s] Level 1:colcon.colcon_core.package_identification:_identify(src/hexadrone_description) by extensions ['colcon_pkg']
[0.096s] Level 1:colcon.colcon_core.package_identification:_identify(src/hexadrone_description) by extension 'colcon_pkg'
[0.096s] Level 1:colcon.colcon_core.package_identification:_identify(src/hexadrone_description) by extensions ['colcon_meta']
[0.096s] Level 1:colcon.colcon_core.package_identification:_identify(src/hexadrone_description) by extension 'colcon_meta'
[0.096s] Level 1:colcon.colcon_core.package_identification:_identify(src/hexadrone_description) by extensions ['ros']
[0.096s] Level 1:colcon.colcon_core.package_identification:_identify(src/hexadrone_description) by extension 'ros'
[0.096s] DEBUG:colcon.colcon_core.package_identification:Package 'src/hexadrone_description' with type 'ros.ament_cmake' and name 'hexadrone_description'
[0.096s] Level 1:colcon.colcon_core.package_identification:_identify(src/hexadrone_esp32) by extensions ['ignore', 'ignore_ament_install']
[0.097s] Level 1:colcon.colcon_core.package_identification:_identify(src/hexadrone_esp32) by extension 'ignore'
[0.097s] Level 1:colcon.colcon_core.package_identification:_identify(src/hexadrone_esp32) by extension 'ignore_ament_install'
[0.097s] Level 1:colcon.colcon_core.package_identification:_identify(src/hexadrone_esp32) by extensions ['colcon_pkg']
[0.097s] Level 1:colcon.colcon_core.package_identification:_identify(src/hexadrone_esp32) by extension 'colcon_pkg'
[0.097s] Level 1:colcon.colcon_core.package_identification:_identify(src/hexadrone_esp32) by extensions ['colcon_meta']
[0.097s] Level 1:colcon.colcon_core.package_identification:_identify(src/hexadrone_esp32) by extension 'colcon_meta'
[0.097s] Level 1:colcon.colcon_core.package_identification:_identify(src/hexadrone_esp32) by extensions ['ros']
[0.097s] Level 1:colcon.colcon_core.package_identification:_identify(src/hexadrone_esp32) by extension 'ros'
[0.097s] Level 1:colcon.colcon_core.package_identification:_identify(src/hexadrone_esp32) by extensions ['cmake', 'python']
[0.097s] Level 1:colcon.colcon_core.package_identification:_identify(src/hexadrone_esp32) by extension 'cmake'
[0.097s] Level 1:colcon.colcon_core.package_identification:_identify(src/hexadrone_esp32) by extension 'python'
[0.097s] Level 1:colcon.colcon_core.package_identification:_identify(src/hexadrone_esp32) by extensions ['python_setup_py']
[0.097s] Level 1:colcon.colcon_core.package_identification:_identify(src/hexadrone_esp32) by extension 'python_setup_py'
[0.097s] Level 1:colcon.colcon_core.package_identification:_identify(src/hexadrone_esp32/lib) by extensions ['ignore', 'ignore_ament_install']
[0.097s] Level 1:colcon.colcon_core.package_identification:_identify(src/hexadrone_esp32/lib) by extension 'ignore'
[0.097s] Level 1:colcon.colcon_core.package_identification:_identify(src/hexadrone_esp32/lib) by extension 'ignore_ament_install'
[0.097s] Level 1:colcon.colcon_core.package_identification:_identify(src/hexadrone_esp32/lib) by extensions ['colcon_pkg']
[0.097s] Level 1:colcon.colcon_core.package_identification:_identify(src/hexadrone_esp32/lib) by extension 'colcon_pkg'
[0.097s] Level 1:colcon.colcon_core.package_identification:_identify(src/hexadrone_esp32/lib) by extensions ['colcon_meta']
[0.097s] Level 1:colcon.colcon_core.package_identification:_identify(src/hexadrone_esp32/lib) by extension 'colcon_meta'
[0.097s] Level 1:colcon.colcon_core.package_identification:_identify(src/hexadrone_esp32/lib) by extensions ['ros']
[0.097s] Level 1:colcon.colcon_core.package_identification:_identify(src/hexadrone_esp32/lib) by extension 'ros'
[0.097s] Level 1:colcon.colcon_core.package_identification:_identify(src/hexadrone_esp32/lib) by extensions ['cmake', 'python']
[0.097s] Level 1:colcon.colcon_core.package_identification:_identify(src/hexadrone_esp32/lib) by extension 'cmake'
[0.097s] Level 1:colcon.colcon_core.package_identification:_identify(src/hexadrone_esp32/lib) by extension 'python'
[0.097s] Level 1:colcon.colcon_core.package_identification:_identify(src/hexadrone_esp32/lib) by extensions ['python_setup_py']
[0.097s] Level 1:colcon.colcon_core.package_identification:_identify(src/hexadrone_esp32/lib) by extension 'python_setup_py'
[0.097s] Level 1:colcon.colcon_core.package_identification:_identify(src/hexadrone_esp32/src) by extensions ['ignore', 'ignore_ament_install']
[0.097s] Level 1:colcon.colcon_core.package_identification:_identify(src/hexadrone_esp32/src) by extension 'ignore'
[0.097s] Level 1:colcon.colcon_core.package_identification:_identify(src/hexadrone_esp32/src) by extension 'ignore_ament_install'
[0.097s] Level 1:colcon.colcon_core.package_identification:_identify(src/hexadrone_esp32/src) by extensions ['colcon_pkg']
[0.097s] Level 1:colcon.colcon_core.package_identification:_identify(src/hexadrone_esp32/src) by extension 'colcon_pkg'
[0.097s] Level 1:colcon.colcon_core.package_identification:_identify(src/hexadrone_esp32/src) by extensions ['colcon_meta']
[0.097s] Level 1:colcon.colcon_core.package_identification:_identify(src/hexadrone_esp32/src) by extension 'colcon_meta'
[0.097s] Level 1:colcon.colcon_core.package_identification:_identify(src/hexadrone_esp32/src) by extensions ['ros']
[0.097s] Level 1:colcon.colcon_core.package_identification:_identify(src/hexadrone_esp32/src) by extension 'ros'
[0.098s] Level 1:colcon.colcon_core.package_identification:_identify(src/hexadrone_esp32/src) by extensions ['cmake', 'python']
[0.098s] Level 1:colcon.colcon_core.package_identification:_identify(src/hexadrone_esp32/src) by extension 'cmake'
[0.098s] Level 1:colcon.colcon_core.package_identification:_identify(src/hexadrone_esp32/src) by extension 'python'
[0.098s] Level 1:colcon.colcon_core.package_identification:_identify(src/hexadrone_esp32/src) by extensions ['python_setup_py']
[0.098s] Level 1:colcon.colcon_core.package_identification:_identify(src/hexadrone_esp32/src) by extension 'python_setup_py'
[0.098s] Level 1:colcon.colcon_core.package_identification:_identify(src/hexadrone_webots) by extensions ['ignore', 'ignore_ament_install']
[0.098s] Level 1:colcon.colcon_core.package_identification:_identify(src/hexadrone_webots) by extension 'ignore'
[0.098s] Level 1:colcon.colcon_core.package_identification:_identify(src/hexadrone_webots) by extension 'ignore_ament_install'
[0.098s] Level 1:colcon.colcon_core.package_identification:_identify(src/hexadrone_webots) by extensions ['colcon_pkg']
[0.098s] Level 1:colcon.colcon_core.package_identification:_identify(src/hexadrone_webots) by extension 'colcon_pkg'
[0.098s] Level 1:colcon.colcon_core.package_identification:_identify(src/hexadrone_webots) by extensions ['colcon_meta']
[0.098s] Level 1:colcon.colcon_core.package_identification:_identify(src/hexadrone_webots) by extension 'colcon_meta'
[0.098s] Level 1:colcon.colcon_core.package_identification:_identify(src/hexadrone_webots) by extensions ['ros']
[0.098s] Level 1:colcon.colcon_core.package_identification:_identify(src/hexadrone_webots) by extension 'ros'
[0.098s] DEBUG:colcon.colcon_core.package_identification:Package 'src/hexadrone_webots' with type 'ros.ament_cmake' and name 'hexadrone_webots'
[0.098s] Level 1:colcon.colcon_core.package_discovery:discover_packages(recursive) using defaults
[0.098s] Level 1:colcon.colcon_core.package_discovery:discover_packages(ignore) discover
[0.098s] Level 1:colcon.colcon_core.package_discovery:discover_packages(ignore) using defaults
[0.098s] Level 1:colcon.colcon_core.package_discovery:discover_packages(path) discover
[0.098s] Level 1:colcon.colcon_core.package_discovery:discover_packages(path) using defaults
[0.110s] Level 1:colcon.colcon_core.package_discovery:discover_packages(prefix_path) check parameters
[0.110s] Level 1:colcon.colcon_core.package_discovery:discover_packages(prefix_path) discover
[0.110s] Level 1:colcon.colcon_core.package_discovery:discover_packages(prefix_path) using defaults
[0.111s] Level 5:colcon.colcon_core.verb:set package 'hexadrone_controller' build argument 'cmake_args' from command line to 'None'
[0.111s] Level 5:colcon.colcon_core.verb:set package 'hexadrone_controller' build argument 'cmake_target' from command line to 'None'
[0.111s] Level 5:colcon.colcon_core.verb:set package 'hexadrone_controller' build argument 'cmake_target_skip_unavailable' from command line to 'False'
[0.111s] Level 5:colcon.colcon_core.verb:set package 'hexadrone_controller' build argument 'cmake_clean_cache' from command line to 'False'
[0.111s] Level 5:colcon.colcon_core.verb:set package 'hexadrone_controller' build argument 'cmake_clean_first' from command line to 'False'
[0.111s] Level 5:colcon.colcon_core.verb:set package 'hexadrone_controller' build argument 'cmake_force_configure' from command line to 'False'
[0.111s] Level 5:colcon.colcon_core.verb:set package 'hexadrone_controller' build argument 'ament_cmake_args' from command line to 'None'
[0.111s] Level 5:colcon.colcon_core.verb:set package 'hexadrone_controller' build argument 'catkin_cmake_args' from command line to 'None'
[0.111s] Level 5:colcon.colcon_core.verb:set package 'hexadrone_controller' build argument 'catkin_skip_building_tests' from command line to 'False'
[0.111s] DEBUG:colcon.colcon_core.verb:Building package 'hexadrone_controller' with the following arguments: {'ament_cmake_args': None, 'build_base': '/home/yehorderehus/hexadrone_ws/build/hexadrone_controller', 'catkin_cmake_args': None, 'catkin_skip_building_tests': False, 'cmake_args': None, 'cmake_clean_cache': False, 'cmake_clean_first': False, 'cmake_force_configure': False, 'cmake_target': None, 'cmake_target_skip_unavailable': False, 'install_base': '/home/yehorderehus/hexadrone_ws/install/hexadrone_controller', 'merge_install': False, 'path': '/home/yehorderehus/hexadrone_ws/src/hexadrone_controller', 'symlink_install': True, 'test_result_base': None}
[0.111s] Level 5:colcon.colcon_core.verb:set package 'hexadrone_core' build argument 'cmake_args' from command line to 'None'
[0.111s] Level 5:colcon.colcon_core.verb:set package 'hexadrone_core' build argument 'cmake_target' from command line to 'None'
[0.111s] Level 5:colcon.colcon_core.verb:set package 'hexadrone_core' build argument 'cmake_target_skip_unavailable' from command line to 'False'
[0.111s] Level 5:colcon.colcon_core.verb:set package 'hexadrone_core' build argument 'cmake_clean_cache' from command line to 'False'
[0.111s] Level 5:colcon.colcon_core.verb:set package 'hexadrone_core' build argument 'cmake_clean_first' from command line to 'False'
[0.111s] Level 5:colcon.colcon_core.verb:set package 'hexadrone_core' build argument 'cmake_force_configure' from command line to 'False'
[0.111s] Level 5:colcon.colcon_core.verb:set package 'hexadrone_core' build argument 'ament_cmake_args' from command line to 'None'
[0.111s] Level 5:colcon.colcon_core.verb:set package 'hexadrone_core' build argument 'catkin_cmake_args' from command line to 'None'
[0.111s] Level 5:colcon.colcon_core.verb:set package 'hexadrone_core' build argument 'catkin_skip_building_tests' from command line to 'False'
[0.111s] DEBUG:colcon.colcon_core.verb:Building package 'hexadrone_core' with the following arguments: {'ament_cmake_args': None, 'build_base': '/home/yehorderehus/hexadrone_ws/build/hexadrone_core', 'catkin_cmake_args': None, 'catkin_skip_building_tests': False, 'cmake_args': None, 'cmake_clean_cache': False, 'cmake_clean_first': False, 'cmake_force_configure': False, 'cmake_target': None, 'cmake_target_skip_unavailable': False, 'install_base': '/home/yehorderehus/hexadrone_ws/install/hexadrone_core', 'merge_install': False, 'path': '/home/yehorderehus/hexadrone_ws/src/hexadrone_core', 'symlink_install': True, 'test_result_base': None}
[0.111s] Level 5:colcon.colcon_core.verb:set package 'hexadrone_description' build argument 'cmake_args' from command line to 'None'
[0.111s] Level 5:colcon.colcon_core.verb:set package 'hexadrone_description' build argument 'cmake_target' from command line to 'None'
[0.111s] Level 5:colcon.colcon_core.verb:set package 'hexadrone_description' build argument 'cmake_target_skip_unavailable' from command line to 'False'
[0.111s] Level 5:colcon.colcon_core.verb:set package 'hexadrone_description' build argument 'cmake_clean_cache' from command line to 'False'
[0.111s] Level 5:colcon.colcon_core.verb:set package 'hexadrone_description' build argument 'cmake_clean_first' from command line to 'False'
[0.111s] Level 5:colcon.colcon_core.verb:set package 'hexadrone_description' build argument 'cmake_force_configure' from command line to 'False'
[0.111s] Level 5:colcon.colcon_core.verb:set package 'hexadrone_description' build argument 'ament_cmake_args' from command line to 'None'
[0.111s] Level 5:colcon.colcon_core.verb:set package 'hexadrone_description' build argument 'catkin_cmake_args' from command line to 'None'
[0.112s] Level 5:colcon.colcon_core.verb:set package 'hexadrone_description' build argument 'catkin_skip_building_tests' from command line to 'False'
[0.112s] DEBUG:colcon.colcon_core.verb:Building package 'hexadrone_description' with the following arguments: {'ament_cmake_args': None, 'build_base': '/home/yehorderehus/hexadrone_ws/build/hexadrone_description', 'catkin_cmake_args': None, 'catkin_skip_building_tests': False, 'cmake_args': None, 'cmake_clean_cache': False, 'cmake_clean_first': False, 'cmake_force_configure': False, 'cmake_target': None, 'cmake_target_skip_unavailable': False, 'install_base': '/home/yehorderehus/hexadrone_ws/install/hexadrone_description', 'merge_install': False, 'path': '/home/yehorderehus/hexadrone_ws/src/hexadrone_description', 'symlink_install': True, 'test_result_base': None}
[0.112s] Level 5:colcon.colcon_core.verb:set package 'hexadrone_webots' build argument 'cmake_args' from command line to 'None'
[0.112s] Level 5:colcon.colcon_core.verb:set package 'hexadrone_webots' build argument 'cmake_target' from command line to 'None'
[0.112s] Level 5:colcon.colcon_core.verb:set package 'hexadrone_webots' build argument 'cmake_target_skip_unavailable' from command line to 'False'
[0.112s] Level 5:colcon.colcon_core.verb:set package 'hexadrone_webots' build argument 'cmake_clean_cache' from command line to 'False'
[0.112s] Level 5:colcon.colcon_core.verb:set package 'hexadrone_webots' build argument 'cmake_clean_first' from command line to 'False'
[0.112s] Level 5:colcon.colcon_core.verb:set package 'hexadrone_webots' build argument 'cmake_force_configure' from command line to 'False'
[0.112s] Level 5:colcon.colcon_core.verb:set package 'hexadrone_webots' build argument 'ament_cmake_args' from command line to 'None'
[0.112s] Level 5:colcon.colcon_core.verb:set package 'hexadrone_webots' build argument 'catkin_cmake_args' from command line to 'None'
[0.112s] Level 5:colcon.colcon_core.verb:set package 'hexadrone_webots' build argument 'catkin_skip_building_tests' from command line to 'False'
[0.112s] DEBUG:colcon.colcon_core.verb:Building package 'hexadrone_webots' with the following arguments: {'ament_cmake_args': None, 'build_base': '/home/yehorderehus/hexadrone_ws/build/hexadrone_webots', 'catkin_cmake_args': None, 'catkin_skip_building_tests': False, 'cmake_args': None, 'cmake_clean_cache': False, 'cmake_clean_first': False, 'cmake_force_configure': False, 'cmake_target': None, 'cmake_target_skip_unavailable': False, 'install_base': '/home/yehorderehus/hexadrone_ws/install/hexadrone_webots', 'merge_install': False, 'path': '/home/yehorderehus/hexadrone_ws/src/hexadrone_webots', 'symlink_install': True, 'test_result_base': None}
[0.112s] INFO:colcon.colcon_core.executor:Executing jobs using 'parallel' executor
[0.113s] DEBUG:colcon.colcon_parallel_executor.executor.parallel:run_until_complete
[0.113s] INFO:colcon.colcon_ros.task.ament_cmake.build:Building ROS package in '/home/yehorderehus/hexadrone_ws/src/hexadrone_description' with build type 'ament_cmake'
[0.113s] INFO:colcon.colcon_cmake.task.cmake.build:Building CMake package in '/home/yehorderehus/hexadrone_ws/src/hexadrone_description'
[0.114s] INFO:colcon.colcon_core.plugin_system:Skipping extension 'colcon_core.shell.bat': Not used on non-Windows systems
[0.114s] INFO:colcon.colcon_core.shell:Skip shell extension 'powershell' for command environment: Not usable outside of PowerShell
[0.114s] DEBUG:colcon.colcon_core.shell:Skip shell extension 'dsv' for command environment
[0.115s] INFO:colcon.colcon_ros.task.ament_cmake.build:Building ROS package in '/home/yehorderehus/hexadrone_ws/src/hexadrone_controller' with build type 'ament_cmake'
[0.115s] INFO:colcon.colcon_cmake.task.cmake.build:Building CMake package in '/home/yehorderehus/hexadrone_ws/src/hexadrone_controller'
[0.115s] INFO:colcon.colcon_core.shell:Skip shell extension 'powershell' for command environment: Not usable outside of PowerShell
[0.115s] DEBUG:colcon.colcon_core.shell:Skip shell extension 'dsv' for command environment
[0.116s] INFO:colcon.colcon_ros.task.ament_cmake.build:Building ROS package in '/home/yehorderehus/hexadrone_ws/src/hexadrone_core' with build type 'ament_cmake'
[0.116s] INFO:colcon.colcon_cmake.task.cmake.build:Building CMake package in '/home/yehorderehus/hexadrone_ws/src/hexadrone_core'
[0.116s] INFO:colcon.colcon_core.shell:Skip shell extension 'powershell' for command environment: Not usable outside of PowerShell
[0.116s] DEBUG:colcon.colcon_core.shell:Skip shell extension 'dsv' for command environment
[0.120s] DEBUG:colcon.colcon_core.event_handler.log_command:Invoking command in '/home/yehorderehus/hexadrone_ws/build/hexadrone_description': /usr/bin/cmake --build /home/yehorderehus/hexadrone_ws/build/hexadrone_description -- -j8 -l8
[0.121s] DEBUG:colcon.colcon_core.event_handler.log_command:Invoking command in '/home/yehorderehus/hexadrone_ws/build/hexadrone_controller': /usr/bin/cmake --build /home/yehorderehus/hexadrone_ws/build/hexadrone_controller -- -j8 -l8
[0.123s] DEBUG:colcon.colcon_core.event_handler.log_command:Invoking command in '/home/yehorderehus/hexadrone_ws/build/hexadrone_core': /usr/bin/cmake --build /home/yehorderehus/hexadrone_ws/build/hexadrone_core -- -j8 -l8
[0.142s] DEBUG:colcon.colcon_core.event_handler.log_command:Invoked command in '/home/yehorderehus/hexadrone_ws/build/hexadrone_description' returned '0': /usr/bin/cmake --build /home/yehorderehus/hexadrone_ws/build/hexadrone_description -- -j8 -l8
[0.147s] DEBUG:colcon.colcon_core.event_handler.log_command:Invoking command in '/home/yehorderehus/hexadrone_ws/build/hexadrone_description': /usr/bin/cmake --install /home/yehorderehus/hexadrone_ws/build/hexadrone_description
[0.147s] DEBUG:colcon.colcon_core.event_handler.log_command:Invoked command in '/home/yehorderehus/hexadrone_ws/build/hexadrone_controller' returned '0': /usr/bin/cmake --build /home/yehorderehus/hexadrone_ws/build/hexadrone_controller -- -j8 -l8
[0.148s] DEBUG:colcon.colcon_core.event_handler.log_command:Invoking command in '/home/yehorderehus/hexadrone_ws/build/hexadrone_controller': /usr/bin/cmake --install /home/yehorderehus/hexadrone_ws/build/hexadrone_controller
[0.149s] DEBUG:colcon.colcon_core.event_handler.log_command:Invoked command in '/home/yehorderehus/hexadrone_ws/build/hexadrone_core' returned '0': /usr/bin/cmake --build /home/yehorderehus/hexadrone_ws/build/hexadrone_core -- -j8 -l8
[0.149s] DEBUG:colcon.colcon_core.event_handler.log_command:Invoking command in '/home/yehorderehus/hexadrone_ws/build/hexadrone_core': /usr/bin/cmake --install /home/yehorderehus/hexadrone_ws/build/hexadrone_core
[0.229s] Level 1:colcon.colcon_core.environment:create_environment_scripts_only(hexadrone_core)
[0.229s] DEBUG:colcon.colcon_core.event_handler.log_command:Invoked command in '/home/yehorderehus/hexadrone_ws/build/hexadrone_core' returned '0': /usr/bin/cmake --install /home/yehorderehus/hexadrone_ws/build/hexadrone_core
[0.231s] Level 1:colcon.colcon_core.environment:checking '/home/yehorderehus/hexadrone_ws/install/hexadrone_core' for CMake module files
[0.231s] Level 1:colcon.colcon_core.environment:checking '/home/yehorderehus/hexadrone_ws/install/hexadrone_core' for CMake config files
[0.231s] Level 1:colcon.colcon_core.shell:create_environment_hook('hexadrone_core', 'cmake_prefix_path')
[0.231s] INFO:colcon.colcon_core.shell:Creating environment hook '/home/yehorderehus/hexadrone_ws/install/hexadrone_core/share/hexadrone_core/hook/cmake_prefix_path.ps1'
[0.232s] INFO:colcon.colcon_core.shell:Creating environment descriptor '/home/yehorderehus/hexadrone_ws/install/hexadrone_core/share/hexadrone_core/hook/cmake_prefix_path.dsv'
[0.232s] INFO:colcon.colcon_core.shell:Creating environment hook '/home/yehorderehus/hexadrone_ws/install/hexadrone_core/share/hexadrone_core/hook/cmake_prefix_path.sh'
[0.233s] Level 1:colcon.colcon_core.environment:checking '/home/yehorderehus/hexadrone_ws/install/hexadrone_core/bin'
[0.233s] Level 1:colcon.colcon_core.environment:checking '/home/yehorderehus/hexadrone_ws/install/hexadrone_core/lib/pkgconfig/hexadrone_core.pc'
[0.234s] Level 1:colcon.colcon_core.environment:checking '/home/yehorderehus/hexadrone_ws/install/hexadrone_core/lib/python3.12/site-packages'
[0.234s] Level 1:colcon.colcon_core.environment:checking '/home/yehorderehus/hexadrone_ws/install/hexadrone_core/bin'
[0.234s] INFO:colcon.colcon_core.shell:Creating package script '/home/yehorderehus/hexadrone_ws/install/hexadrone_core/share/hexadrone_core/package.ps1'
[0.235s] INFO:colcon.colcon_core.shell:Creating package descriptor '/home/yehorderehus/hexadrone_ws/install/hexadrone_core/share/hexadrone_core/package.dsv'
[0.235s] INFO:colcon.colcon_core.shell:Creating package script '/home/yehorderehus/hexadrone_ws/install/hexadrone_core/share/hexadrone_core/package.sh'
[0.236s] INFO:colcon.colcon_core.shell:Creating package script '/home/yehorderehus/hexadrone_ws/install/hexadrone_core/share/hexadrone_core/package.bash'
[0.236s] INFO:colcon.colcon_core.shell:Creating package script '/home/yehorderehus/hexadrone_ws/install/hexadrone_core/share/hexadrone_core/package.zsh'
[0.236s] Level 1:colcon.colcon_core.environment:create_file_with_runtime_dependencies(/home/yehorderehus/hexadrone_ws/install/hexadrone_core/share/colcon-core/packages/hexadrone_core)
[0.237s] Level 1:colcon.colcon_core.environment:create_environment_scripts_only(hexadrone_core)
[0.237s] Level 1:colcon.colcon_core.environment:checking '/home/yehorderehus/hexadrone_ws/install/hexadrone_core' for CMake module files
[0.237s] Level 1:colcon.colcon_core.environment:checking '/home/yehorderehus/hexadrone_ws/install/hexadrone_core' for CMake config files
[0.237s] Level 1:colcon.colcon_core.shell:create_environment_hook('hexadrone_core', 'cmake_prefix_path')
[0.237s] INFO:colcon.colcon_core.shell:Creating environment hook '/home/yehorderehus/hexadrone_ws/install/hexadrone_core/share/hexadrone_core/hook/cmake_prefix_path.ps1'
[0.238s] INFO:colcon.colcon_core.shell:Creating environment descriptor '/home/yehorderehus/hexadrone_ws/install/hexadrone_core/share/hexadrone_core/hook/cmake_prefix_path.dsv'
[0.238s] INFO:colcon.colcon_core.shell:Creating environment hook '/home/yehorderehus/hexadrone_ws/install/hexadrone_core/share/hexadrone_core/hook/cmake_prefix_path.sh'
[0.238s] Level 1:colcon.colcon_core.environment:checking '/home/yehorderehus/hexadrone_ws/install/hexadrone_core/bin'
[0.238s] Level 1:colcon.colcon_core.environment:checking '/home/yehorderehus/hexadrone_ws/install/hexadrone_core/lib/pkgconfig/hexadrone_core.pc'
[0.238s] Level 1:colcon.colcon_core.environment:checking '/home/yehorderehus/hexadrone_ws/install/hexadrone_core/lib/python3.12/site-packages'
[0.239s] Level 1:colcon.colcon_core.environment:checking '/home/yehorderehus/hexadrone_ws/install/hexadrone_core/bin'
[0.239s] INFO:colcon.colcon_core.shell:Creating package script '/home/yehorderehus/hexadrone_ws/install/hexadrone_core/share/hexadrone_core/package.ps1'
[0.239s] INFO:colcon.colcon_core.shell:Creating package descriptor '/home/yehorderehus/hexadrone_ws/install/hexadrone_core/share/hexadrone_core/package.dsv'
[0.239s] INFO:colcon.colcon_core.shell:Creating package script '/home/yehorderehus/hexadrone_ws/install/hexadrone_core/share/hexadrone_core/package.sh'
[0.240s] INFO:colcon.colcon_core.shell:Creating package script '/home/yehorderehus/hexadrone_ws/install/hexadrone_core/share/hexadrone_core/package.bash'
[0.240s] INFO:colcon.colcon_core.shell:Creating package script '/home/yehorderehus/hexadrone_ws/install/hexadrone_core/share/hexadrone_core/package.zsh'
[0.240s] Level 1:colcon.colcon_core.environment:create_file_with_runtime_dependencies(/home/yehorderehus/hexadrone_ws/install/hexadrone_core/share/colcon-core/packages/hexadrone_core)
[0.241s] Level 1:colcon.colcon_core.environment:create_environment_scripts_only(hexadrone_controller)
[0.241s] Level 1:colcon.colcon_core.environment:checking '/home/yehorderehus/hexadrone_ws/install/hexadrone_controller' for CMake module files
[0.241s] DEBUG:colcon.colcon_core.event_handler.log_command:Invoked command in '/home/yehorderehus/hexadrone_ws/build/hexadrone_controller' returned '0': /usr/bin/cmake --install /home/yehorderehus/hexadrone_ws/build/hexadrone_controller
[0.242s] Level 1:colcon.colcon_core.environment:checking '/home/yehorderehus/hexadrone_ws/install/hexadrone_controller' for CMake config files
[0.242s] Level 1:colcon.colcon_core.shell:create_environment_hook('hexadrone_controller', 'cmake_prefix_path')
[0.242s] INFO:colcon.colcon_core.shell:Creating environment hook '/home/yehorderehus/hexadrone_ws/install/hexadrone_controller/share/hexadrone_controller/hook/cmake_prefix_path.ps1'
[0.243s] INFO:colcon.colcon_core.shell:Creating environment descriptor '/home/yehorderehus/hexadrone_ws/install/hexadrone_controller/share/hexadrone_controller/hook/cmake_prefix_path.dsv'
[0.243s] INFO:colcon.colcon_core.shell:Creating environment hook '/home/yehorderehus/hexadrone_ws/install/hexadrone_controller/share/hexadrone_controller/hook/cmake_prefix_path.sh'
[0.243s] Level 1:colcon.colcon_core.environment:checking '/home/yehorderehus/hexadrone_ws/install/hexadrone_controller/bin'
[0.243s] Level 1:colcon.colcon_core.environment:checking '/home/yehorderehus/hexadrone_ws/install/hexadrone_controller/lib/pkgconfig/hexadrone_controller.pc'
[0.244s] Level 1:colcon.colcon_core.environment:checking '/home/yehorderehus/hexadrone_ws/install/hexadrone_controller/lib/python3.12/site-packages'
[0.244s] Level 1:colcon.colcon_core.environment:checking '/home/yehorderehus/hexadrone_ws/install/hexadrone_controller/bin'
[0.244s] INFO:colcon.colcon_core.shell:Creating package script '/home/yehorderehus/hexadrone_ws/install/hexadrone_controller/share/hexadrone_controller/package.ps1'
[0.244s] INFO:colcon.colcon_core.shell:Creating package descriptor '/home/yehorderehus/hexadrone_ws/install/hexadrone_controller/share/hexadrone_controller/package.dsv'
[0.245s] INFO:colcon.colcon_core.shell:Creating package script '/home/yehorderehus/hexadrone_ws/install/hexadrone_controller/share/hexadrone_controller/package.sh'
[0.245s] INFO:colcon.colcon_core.shell:Creating package script '/home/yehorderehus/hexadrone_ws/install/hexadrone_controller/share/hexadrone_controller/package.bash'
[0.245s] INFO:colcon.colcon_core.shell:Creating package script '/home/yehorderehus/hexadrone_ws/install/hexadrone_controller/share/hexadrone_controller/package.zsh'
[0.245s] Level 1:colcon.colcon_core.environment:create_file_with_runtime_dependencies(/home/yehorderehus/hexadrone_ws/install/hexadrone_controller/share/colcon-core/packages/hexadrone_controller)
[0.245s] Level 1:colcon.colcon_core.environment:create_environment_scripts_only(hexadrone_controller)
[0.246s] Level 1:colcon.colcon_core.environment:checking '/home/yehorderehus/hexadrone_ws/install/hexadrone_controller' for CMake module files
[0.246s] Level 1:colcon.colcon_core.environment:checking '/home/yehorderehus/hexadrone_ws/install/hexadrone_controller' for CMake config files
[0.246s] Level 1:colcon.colcon_core.shell:create_environment_hook('hexadrone_controller', 'cmake_prefix_path')
[0.246s] INFO:colcon.colcon_core.shell:Creating environment hook '/home/yehorderehus/hexadrone_ws/install/hexadrone_controller/share/hexadrone_controller/hook/cmake_prefix_path.ps1'
[0.246s] INFO:colcon.colcon_core.shell:Creating environment descriptor '/home/yehorderehus/hexadrone_ws/install/hexadrone_controller/share/hexadrone_controller/hook/cmake_prefix_path.dsv'
[0.246s] INFO:colcon.colcon_core.shell:Creating environment hook '/home/yehorderehus/hexadrone_ws/install/hexadrone_controller/share/hexadrone_controller/hook/cmake_prefix_path.sh'
[0.247s] Level 1:colcon.colcon_core.environment:checking '/home/yehorderehus/hexadrone_ws/install/hexadrone_controller/bin'
[0.247s] Level 1:colcon.colcon_core.environment:checking '/home/yehorderehus/hexadrone_ws/install/hexadrone_controller/lib/pkgconfig/hexadrone_controller.pc'
[0.247s] Level 1:colcon.colcon_core.environment:checking '/home/yehorderehus/hexadrone_ws/install/hexadrone_controller/lib/python3.12/site-packages'
[0.247s] Level 1:colcon.colcon_core.environment:checking '/home/yehorderehus/hexadrone_ws/install/hexadrone_controller/bin'
[0.247s] INFO:colcon.colcon_core.shell:Creating package script '/home/yehorderehus/hexadrone_ws/install/hexadrone_controller/share/hexadrone_controller/package.ps1'
[0.248s] INFO:colcon.colcon_core.shell:Creating package descriptor '/home/yehorderehus/hexadrone_ws/install/hexadrone_controller/share/hexadrone_controller/package.dsv'
[0.248s] INFO:colcon.colcon_core.shell:Creating package script '/home/yehorderehus/hexadrone_ws/install/hexadrone_controller/share/hexadrone_controller/package.sh'
[0.248s] INFO:colcon.colcon_core.shell:Creating package script '/home/yehorderehus/hexadrone_ws/install/hexadrone_controller/share/hexadrone_controller/package.bash'
[0.249s] INFO:colcon.colcon_core.shell:Creating package script '/home/yehorderehus/hexadrone_ws/install/hexadrone_controller/share/hexadrone_controller/package.zsh'
[0.249s] Level 1:colcon.colcon_core.environment:create_file_with_runtime_dependencies(/home/yehorderehus/hexadrone_ws/install/hexadrone_controller/share/colcon-core/packages/hexadrone_controller)
[0.631s] Level 1:colcon.colcon_core.environment:create_environment_scripts_only(hexadrone_description)
[0.631s] Level 1:colcon.colcon_core.environment:checking '/home/yehorderehus/hexadrone_ws/install/hexadrone_description' for CMake module files
[0.632s] DEBUG:colcon.colcon_core.event_handler.log_command:Invoked command in '/home/yehorderehus/hexadrone_ws/build/hexadrone_description' returned '0': /usr/bin/cmake --install /home/yehorderehus/hexadrone_ws/build/hexadrone_description
[0.632s] Level 1:colcon.colcon_core.environment:checking '/home/yehorderehus/hexadrone_ws/install/hexadrone_description' for CMake config files
[0.632s] Level 1:colcon.colcon_core.shell:create_environment_hook('hexadrone_description', 'cmake_prefix_path')
[0.632s] INFO:colcon.colcon_core.shell:Creating environment hook '/home/yehorderehus/hexadrone_ws/install/hexadrone_description/share/hexadrone_description/hook/cmake_prefix_path.ps1'
[0.632s] INFO:colcon.colcon_core.shell:Creating environment descriptor '/home/yehorderehus/hexadrone_ws/install/hexadrone_description/share/hexadrone_description/hook/cmake_prefix_path.dsv'
[0.633s] INFO:colcon.colcon_core.shell:Creating environment hook '/home/yehorderehus/hexadrone_ws/install/hexadrone_description/share/hexadrone_description/hook/cmake_prefix_path.sh'
[0.633s] Level 1:colcon.colcon_core.environment:checking '/home/yehorderehus/hexadrone_ws/install/hexadrone_description/bin'
[0.633s] Level 1:colcon.colcon_core.environment:checking '/home/yehorderehus/hexadrone_ws/install/hexadrone_description/lib/pkgconfig/hexadrone_description.pc'
[0.633s] Level 1:colcon.colcon_core.environment:checking '/home/yehorderehus/hexadrone_ws/install/hexadrone_description/lib/python3.12/site-packages'
[0.633s] Level 1:colcon.colcon_core.environment:checking '/home/yehorderehus/hexadrone_ws/install/hexadrone_description/bin'
[0.633s] INFO:colcon.colcon_core.shell:Creating package script '/home/yehorderehus/hexadrone_ws/install/hexadrone_description/share/hexadrone_description/package.ps1'
[0.634s] INFO:colcon.colcon_core.shell:Creating package descriptor '/home/yehorderehus/hexadrone_ws/install/hexadrone_description/share/hexadrone_description/package.dsv'
[0.634s] INFO:colcon.colcon_core.shell:Creating package script '/home/yehorderehus/hexadrone_ws/install/hexadrone_description/share/hexadrone_description/package.sh'
[0.634s] INFO:colcon.colcon_core.shell:Creating package script '/home/yehorderehus/hexadrone_ws/install/hexadrone_description/share/hexadrone_description/package.bash'
[0.634s] INFO:colcon.colcon_core.shell:Creating package script '/home/yehorderehus/hexadrone_ws/install/hexadrone_description/share/hexadrone_description/package.zsh'
[0.635s] Level 1:colcon.colcon_core.environment:create_file_with_runtime_dependencies(/home/yehorderehus/hexadrone_ws/install/hexadrone_description/share/colcon-core/packages/hexadrone_description)
[0.635s] Level 1:colcon.colcon_core.environment:create_environment_scripts_only(hexadrone_description)
[0.635s] Level 1:colcon.colcon_core.environment:checking '/home/yehorderehus/hexadrone_ws/install/hexadrone_description' for CMake module files
[0.635s] Level 1:colcon.colcon_core.environment:checking '/home/yehorderehus/hexadrone_ws/install/hexadrone_description' for CMake config files
[0.635s] Level 1:colcon.colcon_core.shell:create_environment_hook('hexadrone_description', 'cmake_prefix_path')
[0.635s] INFO:colcon.colcon_core.shell:Creating environment hook '/home/yehorderehus/hexadrone_ws/install/hexadrone_description/share/hexadrone_description/hook/cmake_prefix_path.ps1'
[0.636s] INFO:colcon.colcon_core.shell:Creating environment descriptor '/home/yehorderehus/hexadrone_ws/install/hexadrone_description/share/hexadrone_description/hook/cmake_prefix_path.dsv'
[0.636s] INFO:colcon.colcon_core.shell:Creating environment hook '/home/yehorderehus/hexadrone_ws/install/hexadrone_description/share/hexadrone_description/hook/cmake_prefix_path.sh'
[0.636s] Level 1:colcon.colcon_core.environment:checking '/home/yehorderehus/hexadrone_ws/install/hexadrone_description/bin'
[0.636s] Level 1:colcon.colcon_core.environment:checking '/home/yehorderehus/hexadrone_ws/install/hexadrone_description/lib/pkgconfig/hexadrone_description.pc'
[0.636s] Level 1:colcon.colcon_core.environment:checking '/home/yehorderehus/hexadrone_ws/install/hexadrone_description/lib/python3.12/site-packages'
[0.636s] Level 1:colcon.colcon_core.environment:checking '/home/yehorderehus/hexadrone_ws/install/hexadrone_description/bin'
[0.636s] INFO:colcon.colcon_core.shell:Creating package script '/home/yehorderehus/hexadrone_ws/install/hexadrone_description/share/hexadrone_description/package.ps1'
[0.638s] INFO:colcon.colcon_core.shell:Creating package descriptor '/home/yehorderehus/hexadrone_ws/install/hexadrone_description/share/hexadrone_description/package.dsv'
[0.638s] INFO:colcon.colcon_core.shell:Creating package script '/home/yehorderehus/hexadrone_ws/install/hexadrone_description/share/hexadrone_description/package.sh'
[0.639s] INFO:colcon.colcon_core.shell:Creating package script '/home/yehorderehus/hexadrone_ws/install/hexadrone_description/share/hexadrone_description/package.bash'
[0.639s] INFO:colcon.colcon_core.shell:Creating package script '/home/yehorderehus/hexadrone_ws/install/hexadrone_description/share/hexadrone_description/package.zsh'
[0.639s] Level 1:colcon.colcon_core.environment:create_file_with_runtime_dependencies(/home/yehorderehus/hexadrone_ws/install/hexadrone_description/share/colcon-core/packages/hexadrone_description)
[0.639s] INFO:colcon.colcon_ros.task.ament_cmake.build:Building ROS package in '/home/yehorderehus/hexadrone_ws/src/hexadrone_webots' with build type 'ament_cmake'
[0.639s] INFO:colcon.colcon_cmake.task.cmake.build:Building CMake package in '/home/yehorderehus/hexadrone_ws/src/hexadrone_webots'
[0.640s] INFO:colcon.colcon_core.shell:Skip shell extension 'powershell' for command environment: Not usable outside of PowerShell
[0.640s] DEBUG:colcon.colcon_core.shell:Skip shell extension 'dsv' for command environment
[0.643s] DEBUG:colcon.colcon_core.event_handler.log_command:Invoking command in '/home/yehorderehus/hexadrone_ws/build/hexadrone_webots': AMENT_PREFIX_PATH=/home/yehorderehus/hexadrone_ws/install/hexadrone_description CMAKE_PREFIX_PATH=/home/yehorderehus/hexadrone_ws/install/hexadrone_description /usr/bin/cmake --build /home/yehorderehus/hexadrone_ws/build/hexadrone_webots -- -j8 -l8
[0.668s] DEBUG:colcon.colcon_core.event_handler.log_command:Invoked command in '/home/yehorderehus/hexadrone_ws/build/hexadrone_webots' returned '0': AMENT_PREFIX_PATH=/home/yehorderehus/hexadrone_ws/install/hexadrone_description CMAKE_PREFIX_PATH=/home/yehorderehus/hexadrone_ws/install/hexadrone_description /usr/bin/cmake --build /home/yehorderehus/hexadrone_ws/build/hexadrone_webots -- -j8 -l8
[0.669s] DEBUG:colcon.colcon_core.event_handler.log_command:Invoking command in '/home/yehorderehus/hexadrone_ws/build/hexadrone_webots': AMENT_PREFIX_PATH=/home/yehorderehus/hexadrone_ws/install/hexadrone_description CMAKE_PREFIX_PATH=/home/yehorderehus/hexadrone_ws/install/hexadrone_description /usr/bin/cmake --install /home/yehorderehus/hexadrone_ws/build/hexadrone_webots
[1.204s] Level 1:colcon.colcon_core.environment:create_environment_scripts_only(hexadrone_webots)
[1.204s] Level 1:colcon.colcon_core.environment:checking '/home/yehorderehus/hexadrone_ws/install/hexadrone_webots' for CMake module files
[1.204s] DEBUG:colcon.colcon_core.event_handler.log_command:Invoked command in '/home/yehorderehus/hexadrone_ws/build/hexadrone_webots' returned '0': AMENT_PREFIX_PATH=/home/yehorderehus/hexadrone_ws/install/hexadrone_description CMAKE_PREFIX_PATH=/home/yehorderehus/hexadrone_ws/install/hexadrone_description /usr/bin/cmake --install /home/yehorderehus/hexadrone_ws/build/hexadrone_webots
[1.205s] Level 1:colcon.colcon_core.environment:checking '/home/yehorderehus/hexadrone_ws/install/hexadrone_webots' for CMake config files
[1.205s] Level 1:colcon.colcon_core.shell:create_environment_hook('hexadrone_webots', 'cmake_prefix_path')
[1.205s] INFO:colcon.colcon_core.shell:Creating environment hook '/home/yehorderehus/hexadrone_ws/install/hexadrone_webots/share/hexadrone_webots/hook/cmake_prefix_path.ps1'
[1.206s] INFO:colcon.colcon_core.shell:Creating environment descriptor '/home/yehorderehus/hexadrone_ws/install/hexadrone_webots/share/hexadrone_webots/hook/cmake_prefix_path.dsv'
[1.206s] INFO:colcon.colcon_core.shell:Creating environment hook '/home/yehorderehus/hexadrone_ws/install/hexadrone_webots/share/hexadrone_webots/hook/cmake_prefix_path.sh'
[1.206s] Level 1:colcon.colcon_core.environment:checking '/home/yehorderehus/hexadrone_ws/install/hexadrone_webots/bin'
[1.206s] Level 1:colcon.colcon_core.environment:checking '/home/yehorderehus/hexadrone_ws/install/hexadrone_webots/lib/pkgconfig/hexadrone_webots.pc'
[1.206s] Level 1:colcon.colcon_core.environment:checking '/home/yehorderehus/hexadrone_ws/install/hexadrone_webots/lib/python3.12/site-packages'
[1.207s] Level 1:colcon.colcon_core.environment:checking '/home/yehorderehus/hexadrone_ws/install/hexadrone_webots/bin'
[1.207s] INFO:colcon.colcon_core.shell:Creating package script '/home/yehorderehus/hexadrone_ws/install/hexadrone_webots/share/hexadrone_webots/package.ps1'
[1.207s] INFO:colcon.colcon_core.shell:Creating package descriptor '/home/yehorderehus/hexadrone_ws/install/hexadrone_webots/share/hexadrone_webots/package.dsv'
[1.207s] INFO:colcon.colcon_core.shell:Creating package script '/home/yehorderehus/hexadrone_ws/install/hexadrone_webots/share/hexadrone_webots/package.sh'
[1.208s] INFO:colcon.colcon_core.shell:Creating package script '/home/yehorderehus/hexadrone_ws/install/hexadrone_webots/share/hexadrone_webots/package.bash'
[1.208s] INFO:colcon.colcon_core.shell:Creating package script '/home/yehorderehus/hexadrone_ws/install/hexadrone_webots/share/hexadrone_webots/package.zsh'
[1.208s] Level 1:colcon.colcon_core.environment:create_file_with_runtime_dependencies(/home/yehorderehus/hexadrone_ws/install/hexadrone_webots/share/colcon-core/packages/hexadrone_webots)
[1.208s] Level 1:colcon.colcon_core.environment:create_environment_scripts_only(hexadrone_webots)
[1.208s] Level 1:colcon.colcon_core.environment:checking '/home/yehorderehus/hexadrone_ws/install/hexadrone_webots' for CMake module files
[1.209s] Level 1:colcon.colcon_core.environment:checking '/home/yehorderehus/hexadrone_ws/install/hexadrone_webots' for CMake config files
[1.209s] Level 1:colcon.colcon_core.shell:create_environment_hook('hexadrone_webots', 'cmake_prefix_path')
[1.209s] INFO:colcon.colcon_core.shell:Creating environment hook '/home/yehorderehus/hexadrone_ws/install/hexadrone_webots/share/hexadrone_webots/hook/cmake_prefix_path.ps1'
[1.209s] INFO:colcon.colcon_core.shell:Creating environment descriptor '/home/yehorderehus/hexadrone_ws/install/hexadrone_webots/share/hexadrone_webots/hook/cmake_prefix_path.dsv'
[1.209s] INFO:colcon.colcon_core.shell:Creating environment hook '/home/yehorderehus/hexadrone_ws/install/hexadrone_webots/share/hexadrone_webots/hook/cmake_prefix_path.sh'
[1.210s] Level 1:colcon.colcon_core.environment:checking '/home/yehorderehus/hexadrone_ws/install/hexadrone_webots/bin'
[1.210s] Level 1:colcon.colcon_core.environment:checking '/home/yehorderehus/hexadrone_ws/install/hexadrone_webots/lib/pkgconfig/hexadrone_webots.pc'
[1.210s] Level 1:colcon.colcon_core.environment:checking '/home/yehorderehus/hexadrone_ws/install/hexadrone_webots/lib/python3.12/site-packages'
[1.210s] Level 1:colcon.colcon_core.environment:checking '/home/yehorderehus/hexadrone_ws/install/hexadrone_webots/bin'
[1.210s] INFO:colcon.colcon_core.shell:Creating package script '/home/yehorderehus/hexadrone_ws/install/hexadrone_webots/share/hexadrone_webots/package.ps1'
[1.211s] INFO:colcon.colcon_core.shell:Creating package descriptor '/home/yehorderehus/hexadrone_ws/install/hexadrone_webots/share/hexadrone_webots/package.dsv'
[1.211s] INFO:colcon.colcon_core.shell:Creating package script '/home/yehorderehus/hexadrone_ws/install/hexadrone_webots/share/hexadrone_webots/package.sh'
[1.212s] INFO:colcon.colcon_core.shell:Creating package script '/home/yehorderehus/hexadrone_ws/install/hexadrone_webots/share/hexadrone_webots/package.bash'
[1.212s] INFO:colcon.colcon_core.shell:Creating package script '/home/yehorderehus/hexadrone_ws/install/hexadrone_webots/share/hexadrone_webots/package.zsh'
[1.212s] Level 1:colcon.colcon_core.environment:create_file_with_runtime_dependencies(/home/yehorderehus/hexadrone_ws/install/hexadrone_webots/share/colcon-core/packages/hexadrone_webots)
[1.212s] DEBUG:colcon.colcon_parallel_executor.executor.parallel:closing loop
[1.212s] DEBUG:colcon.colcon_parallel_executor.executor.parallel:loop closed
[1.212s] DEBUG:colcon.colcon_parallel_executor.executor.parallel:run_until_complete finished with '0'
[1.212s] DEBUG:colcon.colcon_core.event_reactor:joining thread
[1.216s] INFO:colcon.colcon_core.plugin_system:Skipping extension 'colcon_notification.desktop_notification.notify_send': Could not find 'notify-send'
[1.216s] INFO:colcon.colcon_core.plugin_system:Skipping extension 'colcon_notification.desktop_notification.terminal_notifier': Not used on non-Darwin systems
[1.216s] INFO:colcon.colcon_core.plugin_system:Skipping extension 'colcon_notification.desktop_notification.win32': Not used on non-Windows systems
[1.217s] INFO:colcon.colcon_notification.desktop_notification:Sending desktop notification using 'notify2'
[1.217s] DEBUG:colcon.colcon_notification.desktop_notification.notify2:Failed to initialize notify2: org.freedesktop.DBus.Error.ServiceUnknown: The name is not activatable
[1.217s] DEBUG:colcon.colcon_core.event_reactor:joined thread
[1.217s] INFO:colcon.colcon_core.shell:Creating prefix script '/home/yehorderehus/hexadrone_ws/install/local_setup.ps1'
[1.218s] INFO:colcon.colcon_core.shell:Creating prefix util module '/home/yehorderehus/hexadrone_ws/install/_local_setup_util_ps1.py'
[1.218s] INFO:colcon.colcon_core.shell:Creating prefix chain script '/home/yehorderehus/hexadrone_ws/install/setup.ps1'
[1.219s] INFO:colcon.colcon_core.shell:Creating prefix script '/home/yehorderehus/hexadrone_ws/install/local_setup.sh'
[1.219s] INFO:colcon.colcon_core.shell:Creating prefix util module '/home/yehorderehus/hexadrone_ws/install/_local_setup_util_sh.py'
[1.219s] INFO:colcon.colcon_core.shell:Creating prefix chain script '/home/yehorderehus/hexadrone_ws/install/setup.sh'
[1.220s] INFO:colcon.colcon_core.shell:Creating prefix script '/home/yehorderehus/hexadrone_ws/install/local_setup.bash'
[1.220s] INFO:colcon.colcon_core.shell:Creating prefix chain script '/home/yehorderehus/hexadrone_ws/install/setup.bash'
[1.220s] INFO:colcon.colcon_core.shell:Creating prefix script '/home/yehorderehus/hexadrone_ws/install/local_setup.zsh'
[1.221s] INFO:colcon.colcon_core.shell:Creating prefix chain script '/home/yehorderehus/hexadrone_ws/install/setup.zsh'
