[0.009s] Invoking command in '/home/yehorderehus/hexadrone_ws/build/hexadrone_core': CMAKE_PREFIX_PATH=${CMAKE_PREFIX_PATH}:/opt/ros/jazzy DEBUGINFOD_URLS=https://debuginfod.ubuntu.com PS1=\[\e]0;\u@\h: \w\a\]${debian_chroot:+($debian_chroot)}\[\033[01;32m\]\u@\h\[\033[00m\]:\[\033[01;34m\]\w\[\033[00m\]\$ /usr/bin/cmake /home/yehorderehus/hexadrone_ws/src/hexadrone_core -DAMENT_CMAKE_SYMLINK_INSTALL=1 -DCMAKE_INSTALL_PREFIX=/home/yehorderehus/hexadrone_ws/install/hexadrone_core
[0.163s] -- The C compiler identification is GNU 13.3.0
[0.261s] -- The CXX compiler identification is GNU 13.3.0
[0.275s] -- Detecting C compiler ABI info
[0.350s] -- Detecting C compiler ABI info - done
[0.357s] -- Check for working C compiler: /usr/bin/cc - skipped
[0.358s] -- Detecting C compile features
[0.358s] -- Detecting C compile features - done
[0.365s] -- Detecting CXX compiler ABI info
[0.437s] -- Detecting CXX compiler ABI info - done
[0.444s] -- Check for working CXX compiler: /usr/bin/c++ - skipped
[0.444s] -- Detecting CXX compile features
[0.445s] -- Detecting CXX compile features - done
[0.449s] -- Found ament_cmake: 2.5.5 (/opt/ros/jazzy/share/ament_cmake/cmake)
[0.567s] -- Found Python3: /usr/bin/python3 (found version "3.12.3") found components: Interpreter 
[0.632s] -- Override CMake install command with custom implementation using symlinks instead of copying resources
[0.673s] -- Found ament_lint_auto: 0.17.4 (/opt/ros/jazzy/share/ament_lint_auto/cmake)
[0.769s] -- Added test 'lint_cmake' to check CMake code style
[0.770s] -- Added test 'xmllint' to check XML markup files
[0.772s] -- Configuring done (0.7s)
[0.775s] -- Generating done (0.0s)
[0.777s] -- Build files have been written to: /home/yehorderehus/hexadrone_ws/build/hexadrone_core
[0.782s] Invoked command in '/home/yehorderehus/hexadrone_ws/build/hexadrone_core' returned '0': CMAKE_PREFIX_PATH=${CMAKE_PREFIX_PATH}:/opt/ros/jazzy DEBUGINFOD_URLS=https://debuginfod.ubuntu.com PS1=\[\e]0;\u@\h: \w\a\]${debian_chroot:+($debian_chroot)}\[\033[01;32m\]\u@\h\[\033[00m\]:\[\033[01;34m\]\w\[\033[00m\]\$ /usr/bin/cmake /home/yehorderehus/hexadrone_ws/src/hexadrone_core -DAMENT_CMAKE_SYMLINK_INSTALL=1 -DCMAKE_INSTALL_PREFIX=/home/yehorderehus/hexadrone_ws/install/hexadrone_core
[0.783s] Invoking command in '/home/yehorderehus/hexadrone_ws/build/hexadrone_core': CMAKE_PREFIX_PATH=${CMAKE_PREFIX_PATH}:/opt/ros/jazzy DEBUGINFOD_URLS=https://debuginfod.ubuntu.com PS1=\[\e]0;\u@\h: \w\a\]${debian_chroot:+($debian_chroot)}\[\033[01;32m\]\u@\h\[\033[00m\]:\[\033[01;34m\]\w\[\033[00m\]\$ /usr/bin/cmake --build /home/yehorderehus/hexadrone_ws/build/hexadrone_core -- -j8 -l8
[0.811s] Invoked command in '/home/yehorderehus/hexadrone_ws/build/hexadrone_core' returned '0': CMAKE_PREFIX_PATH=${CMAKE_PREFIX_PATH}:/opt/ros/jazzy DEBUGINFOD_URLS=https://debuginfod.ubuntu.com PS1=\[\e]0;\u@\h: \w\a\]${debian_chroot:+($debian_chroot)}\[\033[01;32m\]\u@\h\[\033[00m\]:\[\033[01;34m\]\w\[\033[00m\]\$ /usr/bin/cmake --build /home/yehorderehus/hexadrone_ws/build/hexadrone_core -- -j8 -l8
[0.817s] Invoking command in '/home/yehorderehus/hexadrone_ws/build/hexadrone_core': CMAKE_PREFIX_PATH=${CMAKE_PREFIX_PATH}:/opt/ros/jazzy DEBUGINFOD_URLS=https://debuginfod.ubuntu.com PS1=\[\e]0;\u@\h: \w\a\]${debian_chroot:+($debian_chroot)}\[\033[01;32m\]\u@\h\[\033[00m\]:\[\033[01;34m\]\w\[\033[00m\]\$ /usr/bin/cmake --install /home/yehorderehus/hexadrone_ws/build/hexadrone_core
[0.823s] -- Install configuration: ""
[0.823s] -- Execute custom install script
[0.823s] -- Symlinking: /home/yehorderehus/hexadrone_ws/install/hexadrone_core/share/ament_index/resource_index/package_run_dependencies/hexadrone_core
[0.829s] -- Symlinking: /home/yehorderehus/hexadrone_ws/install/hexadrone_core/share/ament_index/resource_index/parent_prefix_path/hexadrone_core
[0.835s] -- Symlinking: /home/yehorderehus/hexadrone_ws/install/hexadrone_core/share/hexadrone_core/environment/ament_prefix_path.sh
[0.841s] -- Symlinking: /home/yehorderehus/hexadrone_ws/install/hexadrone_core/share/hexadrone_core/environment/ament_prefix_path.dsv
[0.847s] -- Symlinking: /home/yehorderehus/hexadrone_ws/install/hexadrone_core/share/hexadrone_core/environment/path.sh
[0.854s] -- Symlinking: /home/yehorderehus/hexadrone_ws/install/hexadrone_core/share/hexadrone_core/environment/path.dsv
[0.859s] -- Symlinking: /home/yehorderehus/hexadrone_ws/install/hexadrone_core/share/hexadrone_core/local_setup.bash
[0.865s] -- Symlinking: /home/yehorderehus/hexadrone_ws/install/hexadrone_core/share/hexadrone_core/local_setup.sh
[0.871s] -- Symlinking: /home/yehorderehus/hexadrone_ws/install/hexadrone_core/share/hexadrone_core/local_setup.zsh
[0.877s] -- Symlinking: /home/yehorderehus/hexadrone_ws/install/hexadrone_core/share/hexadrone_core/local_setup.dsv
[0.883s] -- Symlinking: /home/yehorderehus/hexadrone_ws/install/hexadrone_core/share/hexadrone_core/package.dsv
[0.889s] -- Symlinking: /home/yehorderehus/hexadrone_ws/install/hexadrone_core/share/ament_index/resource_index/packages/hexadrone_core
[0.896s] -- Symlinking: /home/yehorderehus/hexadrone_ws/install/hexadrone_core/share/hexadrone_core/cmake/hexadrone_coreConfig.cmake
[0.902s] -- Symlinking: /home/yehorderehus/hexadrone_ws/install/hexadrone_core/share/hexadrone_core/cmake/hexadrone_coreConfig-version.cmake
[0.908s] -- Symlinking: /home/yehorderehus/hexadrone_ws/install/hexadrone_core/share/hexadrone_core/package.xml
[0.915s] Invoked command in '/home/yehorderehus/hexadrone_ws/build/hexadrone_core' returned '0': CMAKE_PREFIX_PATH=${CMAKE_PREFIX_PATH}:/opt/ros/jazzy DEBUGINFOD_URLS=https://debuginfod.ubuntu.com PS1=\[\e]0;\u@\h: \w\a\]${debian_chroot:+($debian_chroot)}\[\033[01;32m\]\u@\h\[\033[00m\]:\[\033[01;34m\]\w\[\033[00m\]\$ /usr/bin/cmake --install /home/yehorderehus/hexadrone_ws/build/hexadrone_core
