-- Install configuration: ""
-- Execute custom install script
-- Up-to-date symlink: /home/yehorderehus/hexadrone_ws/install/hexadrone_webots/share/hexadrone_webots/launch/launch.py
-- Up-to-date symlink: /home/yehorderehus/hexadrone_ws/install/hexadrone_webots/share/hexadrone_webots/worlds/.hexaworld.jpg
-- Up-to-date symlink: /home/yehorderehus/hexadrone_ws/install/hexadrone_webots/share/hexadrone_webots/worlds/.hexaworld.wbproj
-- Up-to-date symlink: /home/yehorderehus/hexadrone_ws/install/hexadrone_webots/share/hexadrone_webots/worlds/hexaworld.wbt
-- Up-to-date symlink: /home/yehorderehus/hexadrone_ws/install/hexadrone_webots/share/hexadrone_webots/protos/Ros2Supervisor.proto
-- Up-to-date symlink: /home/yehorderehus/hexadrone_ws/install/hexadrone_webots/share/hexadrone_webots/protos/robot.proto
-- Up-to-date symlink: /home/yehorderehus/hexadrone_ws/install/hexadrone_webots/share/hexadrone_webots/assets/base_link.part
-- Up-to-date symlink: /home/yehorderehus/hexadrone_ws/install/hexadrone_webots/share/hexadrone_webots/assets/base_link.stl
-- Up-to-date symlink: /home/yehorderehus/hexadrone_ws/install/hexadrone_webots/share/hexadrone_webots/assets/cover.part
-- Up-to-date symlink: /home/yehorderehus/hexadrone_ws/install/hexadrone_webots/share/hexadrone_webots/assets/cover.stl
-- Up-to-date symlink: /home/yehorderehus/hexadrone_ws/install/hexadrone_webots/share/hexadrone_webots/assets/lb_coxa.part
-- Up-to-date symlink: /home/yehorderehus/hexadrone_ws/install/hexadrone_webots/share/hexadrone_webots/assets/lb_coxa.stl
-- Up-to-date symlink: /home/yehorderehus/hexadrone_ws/install/hexadrone_webots/share/hexadrone_webots/assets/lb_coxa_servo.part
-- Up-to-date symlink: /home/yehorderehus/hexadrone_ws/install/hexadrone_webots/share/hexadrone_webots/assets/lb_coxa_servo.stl
-- Up-to-date symlink: /home/yehorderehus/hexadrone_ws/install/hexadrone_webots/share/hexadrone_webots/assets/lb_femur.part
-- Up-to-date symlink: /home/yehorderehus/hexadrone_ws/install/hexadrone_webots/share/hexadrone_webots/assets/lb_femur.stl
-- Up-to-date symlink: /home/yehorderehus/hexadrone_ws/install/hexadrone_webots/share/hexadrone_webots/assets/lb_femur_servo.part
-- Up-to-date symlink: /home/yehorderehus/hexadrone_ws/install/hexadrone_webots/share/hexadrone_webots/assets/lb_femur_servo.stl
-- Up-to-date symlink: /home/yehorderehus/hexadrone_ws/install/hexadrone_webots/share/hexadrone_webots/assets/lb_tibia.part
-- Up-to-date symlink: /home/yehorderehus/hexadrone_ws/install/hexadrone_webots/share/hexadrone_webots/assets/lb_tibia.stl
-- Up-to-date symlink: /home/yehorderehus/hexadrone_ws/install/hexadrone_webots/share/hexadrone_webots/assets/lb_tibia_servo.part
-- Up-to-date symlink: /home/yehorderehus/hexadrone_ws/install/hexadrone_webots/share/hexadrone_webots/assets/lb_tibia_servo.stl
-- Up-to-date symlink: /home/yehorderehus/hexadrone_ws/install/hexadrone_webots/share/hexadrone_webots/assets/lb_tip.part
-- Up-to-date symlink: /home/yehorderehus/hexadrone_ws/install/hexadrone_webots/share/hexadrone_webots/assets/lb_tip.stl
-- Up-to-date symlink: /home/yehorderehus/hexadrone_ws/install/hexadrone_webots/share/hexadrone_webots/assets/lf_coxa.part
-- Up-to-date symlink: /home/yehorderehus/hexadrone_ws/install/hexadrone_webots/share/hexadrone_webots/assets/lf_coxa.stl
-- Up-to-date symlink: /home/yehorderehus/hexadrone_ws/install/hexadrone_webots/share/hexadrone_webots/assets/lf_coxa_servo.part
-- Up-to-date symlink: /home/yehorderehus/hexadrone_ws/install/hexadrone_webots/share/hexadrone_webots/assets/lf_coxa_servo.stl
-- Up-to-date symlink: /home/yehorderehus/hexadrone_ws/install/hexadrone_webots/share/hexadrone_webots/assets/lf_femur.part
-- Up-to-date symlink: /home/yehorderehus/hexadrone_ws/install/hexadrone_webots/share/hexadrone_webots/assets/lf_femur.stl
-- Up-to-date symlink: /home/yehorderehus/hexadrone_ws/install/hexadrone_webots/share/hexadrone_webots/assets/lf_femur_servo.part
-- Up-to-date symlink: /home/yehorderehus/hexadrone_ws/install/hexadrone_webots/share/hexadrone_webots/assets/lf_femur_servo.stl
-- Up-to-date symlink: /home/yehorderehus/hexadrone_ws/install/hexadrone_webots/share/hexadrone_webots/assets/lf_tibia.part
-- Up-to-date symlink: /home/yehorderehus/hexadrone_ws/install/hexadrone_webots/share/hexadrone_webots/assets/lf_tibia.stl
-- Up-to-date symlink: /home/yehorderehus/hexadrone_ws/install/hexadrone_webots/share/hexadrone_webots/assets/lf_tibia_servo.part
-- Up-to-date symlink: /home/yehorderehus/hexadrone_ws/install/hexadrone_webots/share/hexadrone_webots/assets/lf_tibia_servo.stl
-- Up-to-date symlink: /home/yehorderehus/hexadrone_ws/install/hexadrone_webots/share/hexadrone_webots/assets/lf_tip.part
-- Up-to-date symlink: /home/yehorderehus/hexadrone_ws/install/hexadrone_webots/share/hexadrone_webots/assets/lf_tip.stl
-- Up-to-date symlink: /home/yehorderehus/hexadrone_ws/install/hexadrone_webots/share/hexadrone_webots/assets/lm_coxa.part
-- Up-to-date symlink: /home/yehorderehus/hexadrone_ws/install/hexadrone_webots/share/hexadrone_webots/assets/lm_coxa.stl
-- Up-to-date symlink: /home/yehorderehus/hexadrone_ws/install/hexadrone_webots/share/hexadrone_webots/assets/lm_coxa_servo.part
-- Up-to-date symlink: /home/yehorderehus/hexadrone_ws/install/hexadrone_webots/share/hexadrone_webots/assets/lm_coxa_servo.stl
-- Up-to-date symlink: /home/yehorderehus/hexadrone_ws/install/hexadrone_webots/share/hexadrone_webots/assets/lm_femur.part
-- Up-to-date symlink: /home/yehorderehus/hexadrone_ws/install/hexadrone_webots/share/hexadrone_webots/assets/lm_femur.stl
-- Up-to-date symlink: /home/yehorderehus/hexadrone_ws/install/hexadrone_webots/share/hexadrone_webots/assets/lm_femur_servo.part
-- Up-to-date symlink: /home/yehorderehus/hexadrone_ws/install/hexadrone_webots/share/hexadrone_webots/assets/lm_femur_servo.stl
-- Up-to-date symlink: /home/yehorderehus/hexadrone_ws/install/hexadrone_webots/share/hexadrone_webots/assets/lm_tibia.part
-- Up-to-date symlink: /home/yehorderehus/hexadrone_ws/install/hexadrone_webots/share/hexadrone_webots/assets/lm_tibia.stl
-- Up-to-date symlink: /home/yehorderehus/hexadrone_ws/install/hexadrone_webots/share/hexadrone_webots/assets/lm_tibia_servo.part
-- Up-to-date symlink: /home/yehorderehus/hexadrone_ws/install/hexadrone_webots/share/hexadrone_webots/assets/lm_tibia_servo.stl
-- Up-to-date symlink: /home/yehorderehus/hexadrone_ws/install/hexadrone_webots/share/hexadrone_webots/assets/lm_tip.part
-- Up-to-date symlink: /home/yehorderehus/hexadrone_ws/install/hexadrone_webots/share/hexadrone_webots/assets/lm_tip.stl
-- Up-to-date symlink: /home/yehorderehus/hexadrone_ws/install/hexadrone_webots/share/hexadrone_webots/assets/rb_coxa.part
-- Up-to-date symlink: /home/yehorderehus/hexadrone_ws/install/hexadrone_webots/share/hexadrone_webots/assets/rb_coxa.stl
-- Up-to-date symlink: /home/yehorderehus/hexadrone_ws/install/hexadrone_webots/share/hexadrone_webots/assets/rb_coxa_servo.part
-- Up-to-date symlink: /home/yehorderehus/hexadrone_ws/install/hexadrone_webots/share/hexadrone_webots/assets/rb_coxa_servo.stl
-- Up-to-date symlink: /home/yehorderehus/hexadrone_ws/install/hexadrone_webots/share/hexadrone_webots/assets/rb_femur.part
-- Up-to-date symlink: /home/yehorderehus/hexadrone_ws/install/hexadrone_webots/share/hexadrone_webots/assets/rb_femur.stl
-- Up-to-date symlink: /home/yehorderehus/hexadrone_ws/install/hexadrone_webots/share/hexadrone_webots/assets/rb_femur_servo.part
-- Up-to-date symlink: /home/yehorderehus/hexadrone_ws/install/hexadrone_webots/share/hexadrone_webots/assets/rb_femur_servo.stl
-- Up-to-date symlink: /home/yehorderehus/hexadrone_ws/install/hexadrone_webots/share/hexadrone_webots/assets/rb_tibia.part
-- Up-to-date symlink: /home/yehorderehus/hexadrone_ws/install/hexadrone_webots/share/hexadrone_webots/assets/rb_tibia.stl
-- Up-to-date symlink: /home/yehorderehus/hexadrone_ws/install/hexadrone_webots/share/hexadrone_webots/assets/rb_tibia_servo.part
-- Up-to-date symlink: /home/yehorderehus/hexadrone_ws/install/hexadrone_webots/share/hexadrone_webots/assets/rb_tibia_servo.stl
-- Up-to-date symlink: /home/yehorderehus/hexadrone_ws/install/hexadrone_webots/share/hexadrone_webots/assets/rb_tip.part
-- Up-to-date symlink: /home/yehorderehus/hexadrone_ws/install/hexadrone_webots/share/hexadrone_webots/assets/rb_tip.stl
-- Up-to-date symlink: /home/yehorderehus/hexadrone_ws/install/hexadrone_webots/share/hexadrone_webots/assets/rf__coxa_servo.part
-- Up-to-date symlink: /home/yehorderehus/hexadrone_ws/install/hexadrone_webots/share/hexadrone_webots/assets/rf__coxa_servo.stl
-- Up-to-date symlink: /home/yehorderehus/hexadrone_ws/install/hexadrone_webots/share/hexadrone_webots/assets/rf_coxa.part
-- Up-to-date symlink: /home/yehorderehus/hexadrone_ws/install/hexadrone_webots/share/hexadrone_webots/assets/rf_coxa.stl
-- Up-to-date symlink: /home/yehorderehus/hexadrone_ws/install/hexadrone_webots/share/hexadrone_webots/assets/rf_femur.part
-- Up-to-date symlink: /home/yehorderehus/hexadrone_ws/install/hexadrone_webots/share/hexadrone_webots/assets/rf_femur.stl
-- Up-to-date symlink: /home/yehorderehus/hexadrone_ws/install/hexadrone_webots/share/hexadrone_webots/assets/rf_femur_servo.part
-- Up-to-date symlink: /home/yehorderehus/hexadrone_ws/install/hexadrone_webots/share/hexadrone_webots/assets/rf_femur_servo.stl
-- Up-to-date symlink: /home/yehorderehus/hexadrone_ws/install/hexadrone_webots/share/hexadrone_webots/assets/rf_tibia.part
-- Up-to-date symlink: /home/yehorderehus/hexadrone_ws/install/hexadrone_webots/share/hexadrone_webots/assets/rf_tibia.stl
-- Up-to-date symlink: /home/yehorderehus/hexadrone_ws/install/hexadrone_webots/share/hexadrone_webots/assets/rf_tibia_servo.part
-- Up-to-date symlink: /home/yehorderehus/hexadrone_ws/install/hexadrone_webots/share/hexadrone_webots/assets/rf_tibia_servo.stl
-- Up-to-date symlink: /home/yehorderehus/hexadrone_ws/install/hexadrone_webots/share/hexadrone_webots/assets/rf_tip.part
-- Up-to-date symlink: /home/yehorderehus/hexadrone_ws/install/hexadrone_webots/share/hexadrone_webots/assets/rf_tip.stl
-- Up-to-date symlink: /home/yehorderehus/hexadrone_ws/install/hexadrone_webots/share/hexadrone_webots/assets/rm_coxa.part
-- Up-to-date symlink: /home/yehorderehus/hexadrone_ws/install/hexadrone_webots/share/hexadrone_webots/assets/rm_coxa.stl
-- Up-to-date symlink: /home/yehorderehus/hexadrone_ws/install/hexadrone_webots/share/hexadrone_webots/assets/rm_coxa_servo.part
-- Up-to-date symlink: /home/yehorderehus/hexadrone_ws/install/hexadrone_webots/share/hexadrone_webots/assets/rm_coxa_servo.stl
-- Up-to-date symlink: /home/yehorderehus/hexadrone_ws/install/hexadrone_webots/share/hexadrone_webots/assets/rm_femur.part
-- Up-to-date symlink: /home/yehorderehus/hexadrone_ws/install/hexadrone_webots/share/hexadrone_webots/assets/rm_femur.stl
-- Up-to-date symlink: /home/yehorderehus/hexadrone_ws/install/hexadrone_webots/share/hexadrone_webots/assets/rm_femur_servo.part
-- Up-to-date symlink: /home/yehorderehus/hexadrone_ws/install/hexadrone_webots/share/hexadrone_webots/assets/rm_femur_servo.stl
-- Up-to-date symlink: /home/yehorderehus/hexadrone_ws/install/hexadrone_webots/share/hexadrone_webots/assets/rm_tibia.part
-- Up-to-date symlink: /home/yehorderehus/hexadrone_ws/install/hexadrone_webots/share/hexadrone_webots/assets/rm_tibia.stl
-- Up-to-date symlink: /home/yehorderehus/hexadrone_ws/install/hexadrone_webots/share/hexadrone_webots/assets/rm_tibia_servo.part
-- Up-to-date symlink: /home/yehorderehus/hexadrone_ws/install/hexadrone_webots/share/hexadrone_webots/assets/rm_tibia_servo.stl
-- Up-to-date symlink: /home/yehorderehus/hexadrone_ws/install/hexadrone_webots/share/hexadrone_webots/assets/rm_tip.part
-- Up-to-date symlink: /home/yehorderehus/hexadrone_ws/install/hexadrone_webots/share/hexadrone_webots/assets/rm_tip.stl
-- Up-to-date symlink: /home/yehorderehus/hexadrone_ws/install/hexadrone_webots/share/hexadrone_webots/assets/simplify_meshes.py
-- Up-to-date symlink: /home/yehorderehus/hexadrone_ws/install/hexadrone_webots/share/ament_index/resource_index/package_run_dependencies/hexadrone_webots
-- Up-to-date symlink: /home/yehorderehus/hexadrone_ws/install/hexadrone_webots/share/ament_index/resource_index/parent_prefix_path/hexadrone_webots
-- Up-to-date symlink: /home/yehorderehus/hexadrone_ws/install/hexadrone_webots/share/hexadrone_webots/environment/ament_prefix_path.sh
-- Up-to-date symlink: /home/yehorderehus/hexadrone_ws/install/hexadrone_webots/share/hexadrone_webots/environment/ament_prefix_path.dsv
-- Up-to-date symlink: /home/yehorderehus/hexadrone_ws/install/hexadrone_webots/share/hexadrone_webots/environment/path.sh
-- Up-to-date symlink: /home/yehorderehus/hexadrone_ws/install/hexadrone_webots/share/hexadrone_webots/environment/path.dsv
-- Up-to-date symlink: /home/yehorderehus/hexadrone_ws/install/hexadrone_webots/share/hexadrone_webots/local_setup.bash
-- Up-to-date symlink: /home/yehorderehus/hexadrone_ws/install/hexadrone_webots/share/hexadrone_webots/local_setup.sh
-- Up-to-date symlink: /home/yehorderehus/hexadrone_ws/install/hexadrone_webots/share/hexadrone_webots/local_setup.zsh
-- Up-to-date symlink: /home/yehorderehus/hexadrone_ws/install/hexadrone_webots/share/hexadrone_webots/local_setup.dsv
-- Symlinking: /home/yehorderehus/hexadrone_ws/install/hexadrone_webots/share/hexadrone_webots/package.dsv
-- Up-to-date symlink: /home/yehorderehus/hexadrone_ws/install/hexadrone_webots/share/ament_index/resource_index/packages/hexadrone_webots
-- Up-to-date symlink: /home/yehorderehus/hexadrone_ws/install/hexadrone_webots/share/hexadrone_webots/cmake/hexadrone_webotsConfig.cmake
-- Up-to-date symlink: /home/yehorderehus/hexadrone_ws/install/hexadrone_webots/share/hexadrone_webots/cmake/hexadrone_webotsConfig-version.cmake
-- Up-to-date symlink: /home/yehorderehus/hexadrone_ws/install/hexadrone_webots/share/hexadrone_webots/package.xml
