[0.009s] Invoking command in '/home/yehorderehus/hexadrone_ws/build/hexadrone_controller': CMAKE_PREFIX_PATH=${CMAKE_PREFIX_PATH}:/opt/ros/jazzy DEBUGINFOD_URLS=https://debuginfod.ubuntu.com PS1=\[\e]0;\u@\h: \w\a\]${debian_chroot:+($debian_chroot)}\[\033[01;32m\]\u@\h\[\033[00m\]:\[\033[01;34m\]\w\[\033[00m\]\$ /usr/bin/cmake /home/yehorderehus/hexadrone_ws/src/hexadrone_controller -DAMENT_CMAKE_SYMLINK_INSTALL=1 -DCMAKE_INSTALL_PREFIX=/home/yehorderehus/hexadrone_ws/install/hexadrone_controller
[0.165s] -- The C compiler identification is GNU 13.3.0
[0.263s] -- The CXX compiler identification is GNU 13.3.0
[0.278s] -- Detecting C compiler ABI info
[0.352s] -- Detecting C compiler ABI info - done
[0.360s] -- Check for working C compiler: /usr/bin/cc - skipped
[0.360s] -- Detecting C compile features
[0.361s] -- Detecting C compile features - done
[0.368s] -- Detecting CXX compiler ABI info
[0.439s] -- Detecting CXX compiler ABI info - done
[0.447s] -- Check for working CXX compiler: /usr/bin/c++ - skipped
[0.447s] -- Detecting CXX compile features
[0.447s] -- Detecting CXX compile features - done
[0.451s] -- Found ament_cmake: 2.5.5 (/opt/ros/jazzy/share/ament_cmake/cmake)
[0.569s] -- Found Python3: /usr/bin/python3 (found version "3.12.3") found components: Interpreter 
[0.635s] -- Override CMake install command with custom implementation using symlinks instead of copying resources
[0.676s] -- Found ament_lint_auto: 0.17.4 (/opt/ros/jazzy/share/ament_lint_auto/cmake)
[0.771s] -- Added test 'cppcheck' to perform static code analysis on C / C++ code
[0.771s] -- Configured cppcheck include dirs: 
[0.771s] -- Configured cppcheck exclude dirs and/or files: 
[0.771s] -- Added test 'lint_cmake' to check CMake code style
[0.772s] -- Added test 'uncrustify' to check C / C++ code style
[0.773s] -- Configured uncrustify additional arguments: 
[0.773s] -- Added test 'xmllint' to check XML markup files
[0.775s] -- Configuring done (0.7s)
[0.777s] -- Generating done (0.0s)
[0.780s] -- Build files have been written to: /home/yehorderehus/hexadrone_ws/build/hexadrone_controller
[0.786s] Invoked command in '/home/yehorderehus/hexadrone_ws/build/hexadrone_controller' returned '0': CMAKE_PREFIX_PATH=${CMAKE_PREFIX_PATH}:/opt/ros/jazzy DEBUGINFOD_URLS=https://debuginfod.ubuntu.com PS1=\[\e]0;\u@\h: \w\a\]${debian_chroot:+($debian_chroot)}\[\033[01;32m\]\u@\h\[\033[00m\]:\[\033[01;34m\]\w\[\033[00m\]\$ /usr/bin/cmake /home/yehorderehus/hexadrone_ws/src/hexadrone_controller -DAMENT_CMAKE_SYMLINK_INSTALL=1 -DCMAKE_INSTALL_PREFIX=/home/yehorderehus/hexadrone_ws/install/hexadrone_controller
[0.786s] Invoking command in '/home/yehorderehus/hexadrone_ws/build/hexadrone_controller': CMAKE_PREFIX_PATH=${CMAKE_PREFIX_PATH}:/opt/ros/jazzy DEBUGINFOD_URLS=https://debuginfod.ubuntu.com PS1=\[\e]0;\u@\h: \w\a\]${debian_chroot:+($debian_chroot)}\[\033[01;32m\]\u@\h\[\033[00m\]:\[\033[01;34m\]\w\[\033[00m\]\$ /usr/bin/cmake --build /home/yehorderehus/hexadrone_ws/build/hexadrone_controller -- -j8 -l8
[0.821s] Invoked command in '/home/yehorderehus/hexadrone_ws/build/hexadrone_controller' returned '0': CMAKE_PREFIX_PATH=${CMAKE_PREFIX_PATH}:/opt/ros/jazzy DEBUGINFOD_URLS=https://debuginfod.ubuntu.com PS1=\[\e]0;\u@\h: \w\a\]${debian_chroot:+($debian_chroot)}\[\033[01;32m\]\u@\h\[\033[00m\]:\[\033[01;34m\]\w\[\033[00m\]\$ /usr/bin/cmake --build /home/yehorderehus/hexadrone_ws/build/hexadrone_controller -- -j8 -l8
[0.822s] Invoking command in '/home/yehorderehus/hexadrone_ws/build/hexadrone_controller': CMAKE_PREFIX_PATH=${CMAKE_PREFIX_PATH}:/opt/ros/jazzy DEBUGINFOD_URLS=https://debuginfod.ubuntu.com PS1=\[\e]0;\u@\h: \w\a\]${debian_chroot:+($debian_chroot)}\[\033[01;32m\]\u@\h\[\033[00m\]:\[\033[01;34m\]\w\[\033[00m\]\$ /usr/bin/cmake --install /home/yehorderehus/hexadrone_ws/build/hexadrone_controller
[0.826s] -- Install configuration: ""
[0.827s] -- Execute custom install script
[0.827s] -- Symlinking: /home/yehorderehus/hexadrone_ws/install/hexadrone_controller/share/ament_index/resource_index/package_run_dependencies/hexadrone_controller
[0.833s] -- Symlinking: /home/yehorderehus/hexadrone_ws/install/hexadrone_controller/share/ament_index/resource_index/parent_prefix_path/hexadrone_controller
[0.838s] -- Symlinking: /home/yehorderehus/hexadrone_ws/install/hexadrone_controller/share/hexadrone_controller/environment/ament_prefix_path.sh
[0.844s] -- Symlinking: /home/yehorderehus/hexadrone_ws/install/hexadrone_controller/share/hexadrone_controller/environment/ament_prefix_path.dsv
[0.850s] -- Symlinking: /home/yehorderehus/hexadrone_ws/install/hexadrone_controller/share/hexadrone_controller/environment/path.sh
[0.856s] -- Symlinking: /home/yehorderehus/hexadrone_ws/install/hexadrone_controller/share/hexadrone_controller/environment/path.dsv
[0.862s] -- Symlinking: /home/yehorderehus/hexadrone_ws/install/hexadrone_controller/share/hexadrone_controller/local_setup.bash
[0.868s] -- Symlinking: /home/yehorderehus/hexadrone_ws/install/hexadrone_controller/share/hexadrone_controller/local_setup.sh
[0.874s] -- Symlinking: /home/yehorderehus/hexadrone_ws/install/hexadrone_controller/share/hexadrone_controller/local_setup.zsh
[0.879s] -- Symlinking: /home/yehorderehus/hexadrone_ws/install/hexadrone_controller/share/hexadrone_controller/local_setup.dsv
[0.885s] -- Symlinking: /home/yehorderehus/hexadrone_ws/install/hexadrone_controller/share/hexadrone_controller/package.dsv
[0.891s] -- Symlinking: /home/yehorderehus/hexadrone_ws/install/hexadrone_controller/share/ament_index/resource_index/packages/hexadrone_controller
[0.898s] -- Symlinking: /home/yehorderehus/hexadrone_ws/install/hexadrone_controller/share/hexadrone_controller/cmake/hexadrone_controllerConfig.cmake
[0.905s] -- Symlinking: /home/yehorderehus/hexadrone_ws/install/hexadrone_controller/share/hexadrone_controller/cmake/hexadrone_controllerConfig-version.cmake
[0.911s] -- Symlinking: /home/yehorderehus/hexadrone_ws/install/hexadrone_controller/share/hexadrone_controller/package.xml
[0.933s] Invoked command in '/home/yehorderehus/hexadrone_ws/build/hexadrone_controller' returned '0': CMAKE_PREFIX_PATH=${CMAKE_PREFIX_PATH}:/opt/ros/jazzy DEBUGINFOD_URLS=https://debuginfod.ubuntu.com PS1=\[\e]0;\u@\h: \w\a\]${debian_chroot:+($debian_chroot)}\[\033[01;32m\]\u@\h\[\033[00m\]:\[\033[01;34m\]\w\[\033[00m\]\$ /usr/bin/cmake --install /home/yehorderehus/hexadrone_ws/build/hexadrone_controller
